This is pdfTeX, Version 3.141592653-2.6-1.40.22 (TeX Live 2022/dev/Debian) (preloaded format=pdflatex 2022.7.7)  5 OCT 2022 02:00
entering extended mode
 restricted \write18 enabled.
 %&-line parsing enabled.
**\nonstopmode \input{report_skeleton.tex}
(./report_skeleton.tex
(/usr/share/texlive/texmf-dist/tex/latex/base/article.cls
Document Class: article 2021/10/04 v1.4n Standard LaTeX document class
(/usr/share/texlive/texmf-dist/tex/latex/base/size11.clo
File: size11.clo 2021/10/04 v1.4n Standard LaTeX file (size option)
)
\c@part=\count185
\c@section=\count186
\c@subsection=\count187
\c@subsubsection=\count188
\c@paragraph=\count189
\c@subparagraph=\count190
\c@figure=\count191
\c@table=\count192
\abovecaptionskip=\skip47
\belowcaptionskip=\skip48
\bibindent=\dimen138
)
(/usr/share/texlive/texmf-dist/tex/latex/subfigure/subfigure.sty
Package: subfigure 2002/03/15 v2.1.5 subfigure package
\subfigtopskip=\skip49
\subfigcapskip=\skip50
\subfigcaptopadj=\dimen139
\subfigbottomskip=\skip51
\subfigcapmargin=\dimen140
\subfiglabelskip=\skip52
\c@subfigure=\count193
\c@lofdepth=\count194
\c@subtable=\count195
\c@lotdepth=\count196

****************************************
* Local config file subfigure.cfg used *
****************************************
(/usr/share/texlive/texmf-dist/tex/latex/subfigure/subfigure.cfg)
\subfig@top=\skip53
\subfig@bottom=\skip54
)
(/usr/share/texlive/texmf-dist/tex/latex/wrapfig/wrapfig.sty
\wrapoverhang=\dimen141
\WF@size=\dimen142
\c@WF@wrappedlines=\count197
\WF@box=\box50
\WF@everypar=\toks16
Package: wrapfig 2003/01/31  v 3.6
)
(/usr/share/texlive/texmf-dist/tex/latex/booktabs/booktabs.sty
Package: booktabs 2020/01/12 v1.61803398 Publication quality tables
\heavyrulewidth=\dimen143
\lightrulewidth=\dimen144
\cmidrulewidth=\dimen145
\belowrulesep=\dimen146
\belowbottomsep=\dimen147
\aboverulesep=\dimen148
\abovetopsep=\dimen149
\cmidrulesep=\dimen150
\cmidrulekern=\dimen151
\defaultaddspace=\dimen152
\@cmidla=\count198
\@cmidlb=\count199
\@aboverulesep=\dimen153
\@belowrulesep=\dimen154
\@thisruleclass=\count266
\@lastruleclass=\count267
\@thisrulewidth=\dimen155
)
(/usr/share/texlive/texmf-dist/tex/latex/fancyhdr/fancyhdr.sty
Package: fancyhdr 2021/01/28 v4.0.1 Extensive control of page headers and foote
rs
\f@nch@headwidth=\skip55
\f@nch@O@elh=\skip56
\f@nch@O@erh=\skip57
\f@nch@O@olh=\skip58
\f@nch@O@orh=\skip59
\f@nch@O@elf=\skip60
\f@nch@O@erf=\skip61
\f@nch@O@olf=\skip62
\f@nch@O@orf=\skip63
)
(/usr/share/texlive/texmf-dist/tex/latex/amsmath/amsmath.sty
Package: amsmath 2021/10/15 v2.17l AMS math features
\@mathmargin=\skip64

For additional information on amsmath, use the `?' option.
(/usr/share/texlive/texmf-dist/tex/latex/amsmath/amstext.sty
Package: amstext 2021/08/26 v2.01 AMS text

(/usr/share/texlive/texmf-dist/tex/latex/amsmath/amsgen.sty
File: amsgen.sty 1999/11/30 v2.0 generic functions
\@emptytoks=\toks17
\ex@=\dimen156
))
(/usr/share/texlive/texmf-dist/tex/latex/amsmath/amsbsy.sty
Package: amsbsy 1999/11/29 v1.2d Bold Symbols
\pmbraise@=\dimen157
)
(/usr/share/texlive/texmf-dist/tex/latex/amsmath/amsopn.sty
Package: amsopn 2021/08/26 v2.02 operator names
)
\inf@bad=\count268
LaTeX Info: Redefining \frac on input line 234.
\uproot@=\count269
\leftroot@=\count270
LaTeX Info: Redefining \overline on input line 399.
\classnum@=\count271
\DOTSCASE@=\count272
LaTeX Info: Redefining \ldots on input line 496.
LaTeX Info: Redefining \dots on input line 499.
LaTeX Info: Redefining \cdots on input line 620.
\Mathstrutbox@=\box51
\strutbox@=\box52
\big@size=\dimen158
LaTeX Font Info:    Redeclaring font encoding OML on input line 743.
LaTeX Font Info:    Redeclaring font encoding OMS on input line 744.
\macc@depth=\count273
\c@MaxMatrixCols=\count274
\dotsspace@=\muskip16
\c@parentequation=\count275
\dspbrk@lvl=\count276
\tag@help=\toks18
\row@=\count277
\column@=\count278
\maxfields@=\count279
\andhelp@=\toks19
\eqnshift@=\dimen159
\alignsep@=\dimen160
\tagshift@=\dimen161
\tagwidth@=\dimen162
\totwidth@=\dimen163
\lineht@=\dimen164
\@envbody=\toks20
\multlinegap=\skip65
\multlinetaggap=\skip66
\mathdisplay@stack=\toks21
LaTeX Info: Redefining \[ on input line 2938.
LaTeX Info: Redefining \] on input line 2939.
)
(/usr/share/texlive/texmf-dist/tex/latex/amsfonts/amsfonts.sty
Package: amsfonts 2013/01/14 v3.01 Basic AMSFonts support
\symAMSa=\mathgroup4
\symAMSb=\mathgroup5
LaTeX Font Info:    Redeclaring math symbol \hbar on input line 98.
LaTeX Font Info:    Overwriting math alphabet `\mathfrak' in version `bold'
(Font)                  U/euf/m/n --> U/euf/b/n on input line 106.
)
(/usr/share/texlive/texmf-dist/tex/latex/float/float.sty
Package: float 2001/11/08 v1.3d Float enhancements (AL)
\c@float@type=\count280
\float@exts=\toks22
\float@box=\box53
\@float@everytoks=\toks23
\@floatcapt=\box54
)
(/usr/share/texlive/texmf-dist/tex/latex/graphics/graphicx.sty
Package: graphicx 2021/09/16 v1.2d Enhanced LaTeX Graphics (DPC,SPQR)

(/usr/share/texlive/texmf-dist/tex/latex/graphics/keyval.sty
Package: keyval 2014/10/28 v1.15 key=value parser (DPC)
\KV@toks@=\toks24
)
(/usr/share/texlive/texmf-dist/tex/latex/graphics/graphics.sty
Package: graphics 2021/03/04 v1.4d Standard LaTeX Graphics (DPC,SPQR)

(/usr/share/texlive/texmf-dist/tex/latex/graphics/trig.sty
Package: trig 2021/08/11 v1.11 sin cos tan (DPC)
)
(/usr/share/texlive/texmf-dist/tex/latex/graphics-cfg/graphics.cfg
File: graphics.cfg 2016/06/04 v1.11 sample graphics configuration
)
Package graphics Info: Driver file: pdftex.def on input line 107.

(/usr/share/texlive/texmf-dist/tex/latex/graphics-def/pdftex.def
File: pdftex.def 2020/10/05 v1.2a Graphics/color driver for pdftex
))
\Gin@req@height=\dimen165
\Gin@req@width=\dimen166
)
(/usr/share/texlive/texmf-dist/tex/latex/tools/bm.sty
Package: bm 2021/04/25 v1.2e Bold Symbol Support (DPC/FMi)
\symboldoperators=\mathgroup6
\symboldletters=\mathgroup7
\symboldsymbols=\mathgroup8
Package bm Info: No bold for \OMX/cmex/m/n, using \pmb.
Package bm Info: No bold for \U/msa/m/n, using \pmb.
Package bm Info: No bold for \U/msb/m/n, using \pmb.
LaTeX Font Info:    Redeclaring math alphabet \mathbf on input line 149.
)
(/usr/share/texlive/texmf-dist/tex/latex/amsfonts/amssymb.sty
Package: amssymb 2013/01/14 v3.01 AMS font symbols
)
(/usr/share/texlive/texmf-dist/tex/latex/amscls/amsthm.sty
Package: amsthm 2020/05/29 v2.20.6
\thm@style=\toks25
\thm@bodyfont=\toks26
\thm@headfont=\toks27
\thm@notefont=\toks28
\thm@headpunct=\toks29
\thm@preskip=\skip67
\thm@postskip=\skip68
\thm@headsep=\skip69
\dth@everypar=\toks30
)
(/usr/share/texlive/texmf-dist/tex/latex/wasysym/wasysym.sty
Package: wasysym 2020/01/19 v2.4 Wasy-2 symbol support package
\symwasy=\mathgroup9
LaTeX Font Info:    Overwriting symbol font `wasy' in version `bold'
(Font)                  U/wasy/m/n --> U/wasy/b/n on input line 93.
)
(/usr/share/texlive/texmf-dist/tex/latex/graphics/color.sty
Package: color 2021/12/07 v1.3c Standard LaTeX Color (DPC)

(/usr/share/texlive/texmf-dist/tex/latex/graphics-cfg/color.cfg
File: color.cfg 2016/01/02 v1.6 sample color configuration
)
Package color Info: Driver file: pdftex.def on input line 149.
)
(/usr/share/texlive/texmf-dist/tex/latex/preprint/fullpage.sty
Package: fullpage 1999/02/23 1.1 (PWD)
\FP@margin=\skip70
)
(/usr/share/texlive/texmf-dist/tex/latex/setspace/setspace.sty
Package: setspace 2011/12/19 v6.7a set line spacing
)
(/usr/share/texlive/texmf-dist/tex/latex/multirow/multirow.sty
Package: multirow 2021/03/15 v2.8 Span multiple rows of a table
\multirow@colwidth=\skip71
\multirow@cntb=\count281
\multirow@dima=\skip72
\bigstrutjot=\dimen167
)
(/usr/share/texlive/texmf-dist/tex/latex/listings/listings.sty
\lst@mode=\count282
\lst@gtempboxa=\box55
\lst@token=\toks31
\lst@length=\count283
\lst@currlwidth=\dimen168
\lst@column=\count284
\lst@pos=\count285
\lst@lostspace=\dimen169
\lst@width=\dimen170
\lst@newlines=\count286
\lst@lineno=\count287
\lst@maxwidth=\dimen171

(/usr/share/texlive/texmf-dist/tex/latex/listings/lstmisc.sty
File: lstmisc.sty 2020/03/24 1.8d (Carsten Heinz)
\c@lstnumber=\count288
\lst@skipnumbers=\count289
\lst@framebox=\box56
)
(/usr/share/texlive/texmf-dist/tex/latex/listings/listings.cfg
File: listings.cfg 2020/03/24 1.8d listings configuration
))
Package: listings 2020/03/24 1.8d (Carsten Heinz)

(/usr/share/texlive/texmf-dist/tex/latex/listings/lstlang1.sty
File: lstlang1.sty 2020/03/24 1.8d listings language file
)
   defining Unicode char U+2212 (decimal 8722)

(/usr/share/texlive/texmf-dist/tex/latex/l3backend/l3backend-pdftex.def
File: l3backend-pdftex.def 2022-01-12 L3 backend support: PDF output (pdfTeX)
\l__color_backend_stack_int=\count290
\l__pdf_internal_box=\box57
)
(./report_skeleton.aux

LaTeX Warning: Label `fig:ex8_autocorr_pi' multiply defined.

)
\openout1 = `report_skeleton.aux'.

LaTeX Font Info:    Checking defaults for OML/cmm/m/it on input line 33.
LaTeX Font Info:    ... okay on input line 33.
LaTeX Font Info:    Checking defaults for OMS/cmsy/m/n on input line 33.
LaTeX Font Info:    ... okay on input line 33.
LaTeX Font Info:    Checking defaults for OT1/cmr/m/n on input line 33.
LaTeX Font Info:    ... okay on input line 33.
LaTeX Font Info:    Checking defaults for T1/cmr/m/n on input line 33.
LaTeX Font Info:    ... okay on input line 33.
LaTeX Font Info:    Checking defaults for TS1/cmr/m/n on input line 33.
LaTeX Font Info:    ... okay on input line 33.
LaTeX Font Info:    Checking defaults for OMX/cmex/m/n on input line 33.
LaTeX Font Info:    ... okay on input line 33.
LaTeX Font Info:    Checking defaults for U/cmr/m/n on input line 33.
LaTeX Font Info:    ... okay on input line 33.
 (/usr/share/texlive/texmf-dist/tex/context/base/mkii/supp-pdf.mkii
[Loading MPS to PDF converter (version 2006.09.02).]
\scratchcounter=\count291
\scratchdimen=\dimen172
\scratchbox=\box58
\nofMPsegments=\count292
\nofMParguments=\count293
\everyMPshowfont=\toks32
\MPscratchCnt=\count294
\MPscratchDim=\dimen173
\MPnumerator=\count295
\makeMPintoPDFobject=\count296
\everyMPtoPDFconversion=\toks33
) (/usr/share/texlive/texmf-dist/tex/latex/epstopdf-pkg/epstopdf-base.sty
Package: epstopdf-base 2020-01-24 v2.11 Base part for package epstopdf
Package epstopdf-base Info: Redefining graphics rule for `.eps' on input line 4
85.

(/usr/share/texlive/texmf-dist/tex/latex/latexconfig/epstopdf-sys.cfg
File: epstopdf-sys.cfg 2010/07/13 v1.3 Configuration of (r)epstopdf for TeX Liv
e
))
\c@lstlisting=\count297
LaTeX Font Info:    Trying to load font information for U+msa on input line 35.


(/usr/share/texlive/texmf-dist/tex/latex/amsfonts/umsa.fd
File: umsa.fd 2013/01/14 v3.01 AMS symbols A
)
LaTeX Font Info:    Trying to load font information for U+msb on input line 35.


(/usr/share/texlive/texmf-dist/tex/latex/amsfonts/umsb.fd
File: umsb.fd 2013/01/14 v3.01 AMS symbols B
)
LaTeX Font Info:    Trying to load font information for U+wasy on input line 35
.

(/usr/share/texlive/texmf-dist/tex/latex/wasysym/uwasy.fd
File: uwasy.fd 2020/01/19 v2.4 Wasy-2 symbol font definitions
)
(./Problems/exercise_1.tex (./simulateTrainDoppler.m
Overfull \hbox (3.2899pt too wide) in paragraph at lines 3--4
[][][][][][][][][][][][][][][][][][][][][][] 
 []

[1

{/var/lib/texmf/fonts/map/pdftex/updmap/pdftex.map}]
Overfull \hbox (3.2899pt too wide) in paragraph at lines 11--12
[][][][][][][][][][][][][][][][][][][][][][][][][][][][][][] 
 []


Overfull \hbox (3.2899pt too wide) in paragraph at lines 14--15
[][][][][][][][][][][][][][][][][][][][][][][][][][][][][][] 
 []


Overfull \hbox (36.14024pt too wide) in paragraph at lines 30--31
[][][][][][][][][][][][][][][][][][][][][][][][][][][][] 
 []


Overfull \hbox (16.43004pt too wide) in paragraph at lines 33--34
[][][][][][][][][][][][][][][][][][][][][][][][][][][][][][][][][][] 
 []


Overfull \hbox (62.42052pt too wide) in paragraph at lines 36--37
[][][][] 
 []


Overfull \hbox (62.42052pt too wide) in paragraph at lines 41--42
[][][][] 
 []

[2]
Overfull \hbox (9.85997pt too wide) in paragraph at lines 68--69
[][][][][][][][][][][][][][][][][][][][][][][][] 
 []

[3]
LaTeX Font Info:    Trying to load font information for OML+cmr on input line 1
01.
 (/usr/share/texlive/texmf-dist/tex/latex/base/omlcmr.fd
File: omlcmr.fd 2019/12/16 v2.5j Standard LaTeX font definitions
)
LaTeX Font Info:    Font shape `OML/cmr/m/n' in size <10.95> not available
(Font)              Font shape `OML/cmm/m/it' tried instead on input line 101.
)
(./topSimulateTrainDoppler_temp.m
Overfull \hbox (9.85997pt too wide) in paragraph at lines 19--20
[][][][][][][][][][][][][][][][][][][][][][][][][][][][][][] 
 []

[4] [5])
<figs/ex1_spectrogram_orig.png, id=31, 1433.355pt x 804.00375pt>
File: figs/ex1_spectrogram_orig.png Graphic file (type png)
<use figs/ex1_spectrogram_orig.png>
Package pdftex.def Info: figs/ex1_spectrogram_orig.png  used on input line 57.
(pdftex.def)             Requested size: 422.77664pt x 237.14224pt.
<figs/ex1_spectrogram2_orig.png, id=32, 1433.355pt x 804.00375pt>
File: figs/ex1_spectrogram2_orig.png Graphic file (type png)
<use figs/ex1_spectrogram2_orig.png>
Package pdftex.def Info: figs/ex1_spectrogram2_orig.png  used on input line 76.

(pdftex.def)             Requested size: 422.77664pt x 237.14224pt.
 [6 <./figs/ex1_spectrogram_orig.png (PNG copy)>]
<figs/ex1_spectrogram2_zoomed_orig.png, id=36, 1433.355pt x 804.00375pt>
File: figs/ex1_spectrogram2_zoomed_orig.png Graphic file (type png)
<use figs/ex1_spectrogram2_zoomed_orig.png>
Package pdftex.def Info: figs/ex1_spectrogram2_zoomed_orig.png  used on input l
ine 84.
(pdftex.def)             Requested size: 422.77664pt x 237.14224pt.
)
(./Problems/exercise_2.tex [7 <./figs/ex1_spectrogram2_orig.png (PNG copy)> <./
figs/ex1_spectrogram2_zoomed_orig.png (PNG copy)>]
<figs/ex2_diagram.png, id=41, 668.4975pt x 258.9675pt>
File: figs/ex2_diagram.png Graphic file (type png)
<use figs/ex2_diagram.png>
Package pdftex.def Info: figs/ex2_diagram.png  used on input line 27.
(pdftex.def)             Requested size: 422.77664pt x 163.78261pt.
 [8 <./figs/ex2_diagram.png>]) (./Problems/exercise_3.tex [9]
<figs/ex3_instructions.png, id=51, 1047.915pt x 641.39626pt>
File: figs/ex3_instructions.png Graphic file (type png)
<use figs/ex3_instructions.png>
Package pdftex.def Info: figs/ex3_instructions.png  used on input line 7.
(pdftex.def)             Requested size: 422.77664pt x 258.7658pt.
<figs/ex3_diagram.png, id=52, 966.61125pt x 353.32pt>
File: figs/ex3_diagram.png Graphic file (type png)
<use figs/ex3_diagram.png>
Package pdftex.def Info: figs/ex3_diagram.png  used on input line 12.
(pdftex.def)             Requested size: 422.77664pt x 154.53398pt.
 [10 <./figs/ex3_instructions.png> <./figs/ex3_diagram.png>] [11]) (./Problems/
exercise_4.tex [12]) (./Problems/exercise_5.tex
LaTeX Font Info:    Font shape `OML/cmr/m/it' in size <10.95> not available
(Font)              Font shape `OML/cmm/m/it' tried instead on input line 31.

Overfull \hbox (3.2899pt too wide) in paragraph at lines 31--32
[][][][][][][][][][][][][][][][][][][][][][][][][][][][][][][][][] 
 []


Overfull \hbox (29.57018pt too wide) in paragraph at lines 34--35
[][][][][][][][][][][][][][][][][][][][][][][][][][][][][][][][] 
 []


Overfull \hbox (23.0001pt too wide) in paragraph at lines 35--36
[][][][] 
 []


Overfull \hbox (3.2899pt too wide) in paragraph at lines 38--39
[][][][][][][][][][][][][][][][][][][][][][][][][][][] 
 []


Overfull \hbox (3.2899pt too wide) in paragraph at lines 39--40
[][][][][][][][][][][][][][][][][][][][][][][][][][][][][][][][][] 
 []

[13]
LaTeX Font Info:    Trying to load font information for OMS+cmr on input line 5
3.
 (/usr/share/texlive/texmf-dist/tex/latex/base/omscmr.fd
File: omscmr.fd 2019/12/16 v2.5j Standard LaTeX font definitions
)
LaTeX Font Info:    Font shape `OMS/cmr/m/n' in size <10.95> not available
(Font)              Font shape `OMS/cmsy/m/n' tried instead on input line 53.

Overfull \hbox (23.0001pt too wide) in paragraph at lines 56--57
[][][][][][][][][][][][][][][][][][][][][][][][][][][][][] 
 []


Overfull \hbox (9.85997pt too wide) in paragraph at lines 69--71
[][][][][][][][][][][][][][][][][][][][] 
 []


Overfull \hbox (9.85997pt too wide) in paragraph at lines 93--94
[][][][][][][][][][][][][][][][][][][][][][][][][][][][][][] 
 []

[14]
<figs/ex5_psd.png, id=71, 1433.355pt x 804.00375pt>
File: figs/ex5_psd.png Graphic file (type png)
<use figs/ex5_psd.png>
Package pdftex.def Info: figs/ex5_psd.png  used on input line 103.
(pdftex.def)             Requested size: 422.77664pt x 237.14224pt.
<figs/ex5_autocorr.png, id=72, 1433.355pt x 804.00375pt>
File: figs/ex5_autocorr.png Graphic file (type png)
<use figs/ex5_autocorr.png>
Package pdftex.def Info: figs/ex5_autocorr.png  used on input line 126.
(pdftex.def)             Requested size: 422.77664pt x 237.14224pt.
 [15 <./figs/ex5_psd.png (PNG copy)>] [16 <./figs/ex5_autocorr.png (PNG copy)>]
) (./Problems/exercise_6.tex
Overfull \hbox (3.2899pt too wide) in paragraph at lines 45--46
[][][][][][][][][][][][][][][][][][][][][] 
 []


Overfull \hbox (9.85997pt too wide) in paragraph at lines 46--47
[][][][][][][][][][][][][][][][][][][][][][][][][][][][][][][][][] 
 []


Overfull \hbox (23.0001pt too wide) in paragraph at lines 54--55
[][][][][][][][][][][][][][][][][][][][][][][][][][][][][][][] 
 []

[17]
Overfull \hbox (3.2899pt too wide) in paragraph at lines 59--60
[][][][][][][][][][][][][][][][][][][][][][][][][][][][][][][][][][][][][][][][
] 
 []

LaTeX Font Info:    Font shape `OMS/cmr/m/it' in size <10.95> not available
(Font)              Font shape `OMS/cmsy/m/n' tried instead on input line 66.

Overfull \hbox (23.0001pt too wide) in paragraph at lines 72--73
[][][][][][][][][][][][][][][][][][][][][][][][][][][][][][][][][][][][] 
 []


Overfull \hbox (16.43004pt too wide) in paragraph at lines 73--74
[][][][][][][][][][][][][][][][][][][][][][][][][][][][][][][] 
 []


Overfull \hbox (3.2899pt too wide) in paragraph at lines 78--79
[][][][][][][][][][][][][][][][][][][][][][][][][][][][][][][] 
 []


Overfull \hbox (23.0001pt too wide) in paragraph at lines 84--85
[][][][][][][][][][][][][][][][][][][][][][][][][][][] 
 []


Overfull \hbox (9.85997pt too wide) in paragraph at lines 85--86
[][][][][][][][][][][][][][][][][][][][][][][][][][][][][][][][][][][][] 
 []

[18]) (./Problems/exercise_7.tex
Overfull \hbox (3.2899pt too wide) in paragraph at lines 51--52
[][][][][][][][][][][][][][][][][][][][][][][][][][][] 
 []

[19]
Overfull \hbox (233.2423pt too wide) in paragraph at lines 78--79
[][][][][][][][][][][][][][][][][][][][][][][][][][][][][][][][][][][][][][][][
][][][][][] 
 []

<figs/ex7_quadrature.png, id=90, 1433.355pt x 804.00375pt>
File: figs/ex7_quadrature.png Graphic file (type png)
<use figs/ex7_quadrature.png>
Package pdftex.def Info: figs/ex7_quadrature.png  used on input line 88.
(pdftex.def)             Requested size: 422.77664pt x 237.14224pt.
[20]
<figs/ex7_time_domain.png, id=94, 1433.355pt x 804.00375pt>
File: figs/ex7_time_domain.png Graphic file (type png)
<use figs/ex7_time_domain.png>
Package pdftex.def Info: figs/ex7_time_domain.png  used on input line 102.
(pdftex.def)             Requested size: 422.77664pt x 237.14224pt.
 [21 <./figs/ex7_quadrature.png (PNG copy)> <./figs/ex7_time_domain.png (PNG co
py)>]) (./Problems/exercise_8.tex [22] [23] [24] [25]
Overfull \hbox (42.71031pt too wide) in paragraph at lines 194--195
[][][][][][][][][][][][][][][][][][][][][][][][][][][][][][][][][][][][][][][][
][][] 
 []


Overfull \hbox (9.85997pt too wide) in paragraph at lines 202--203
[][][][][][][][][][][][][][][][][][][][][][][][][][][][][][][][][][][][] 
 []

[26]
<figs/ex8_crosscorr_rand.png, id=114, 1433.355pt x 804.00375pt>
File: figs/ex8_crosscorr_rand.png Graphic file (type png)
<use figs/ex8_crosscorr_rand.png>
Package pdftex.def Info: figs/ex8_crosscorr_rand.png  used on input line 258.
(pdftex.def)             Requested size: 422.77664pt x 237.14224pt.
<figs/ex8_autocorr_rand.png, id=115, 1433.355pt x 804.00375pt>
File: figs/ex8_autocorr_rand.png Graphic file (type png)
<use figs/ex8_autocorr_rand.png>
Package pdftex.def Info: figs/ex8_autocorr_rand.png  used on input line 265.
(pdftex.def)             Requested size: 422.77664pt x 237.14224pt.
 [27 <./figs/ex8_crosscorr_rand.png (PNG copy)>]
<figs/ex8_autocorr_zoomed_rand.png, id=119, 1433.355pt x 804.00375pt>
File: figs/ex8_autocorr_zoomed_rand.png Graphic file (type png)
<use figs/ex8_autocorr_zoomed_rand.png>
Package pdftex.def Info: figs/ex8_autocorr_zoomed_rand.png  used on input line 
272.
(pdftex.def)             Requested size: 422.77664pt x 237.14224pt.
<figs/ex8_crosscorr_pi.png, id=120, 1433.355pt x 804.00375pt>
File: figs/ex8_crosscorr_pi.png Graphic file (type png)
<use figs/ex8_crosscorr_pi.png>
Package pdftex.def Info: figs/ex8_crosscorr_pi.png  used on input line 282.
(pdftex.def)             Requested size: 422.77664pt x 237.14224pt.
 [28 <./figs/ex8_autocorr_rand.png (PNG copy)> <./figs/ex8_autocorr_zoomed_rand
.png (PNG copy)>]
<figs/ex8_autocorr_pi.png, id=124, 1433.355pt x 804.00375pt>
File: figs/ex8_autocorr_pi.png Graphic file (type png)
<use figs/ex8_autocorr_pi.png>
Package pdftex.def Info: figs/ex8_autocorr_pi.png  used on input line 289.
(pdftex.def)             Requested size: 422.77664pt x 237.14224pt.
<figs/ex8_autocorr_zoomed_pi.png, id=125, 1433.355pt x 804.00375pt>
File: figs/ex8_autocorr_zoomed_pi.png Graphic file (type png)
<use figs/ex8_autocorr_zoomed_pi.png>
Package pdftex.def Info: figs/ex8_autocorr_zoomed_pi.png  used on input line 29
6.
(pdftex.def)             Requested size: 422.77664pt x 237.14224pt.
 [29 <./figs/ex8_crosscorr_pi.png (PNG copy)> <./figs/ex8_autocorr_pi.png (PNG 
copy)>]
<figs/ex8_crosscorr_mseq.png, id=129, 1433.355pt x 804.00375pt>
File: figs/ex8_crosscorr_mseq.png Graphic file (type png)
<use figs/ex8_crosscorr_mseq.png>
Package pdftex.def Info: figs/ex8_crosscorr_mseq.png  used on input line 306.
(pdftex.def)             Requested size: 422.77664pt x 237.14224pt.
<figs/ex8_autocorr_mseq.png, id=130, 1433.355pt x 804.00375pt>
File: figs/ex8_autocorr_mseq.png Graphic file (type png)
<use figs/ex8_autocorr_mseq.png>
Package pdftex.def Info: figs/ex8_autocorr_mseq.png  used on input line 313.
(pdftex.def)             Requested size: 422.77664pt x 237.14224pt.

[30 <./figs/ex8_autocorr_zoomed_pi.png (PNG copy)> <./figs/ex8_crosscorr_mseq.p
ng (PNG copy)>]
<figs/ex8_autocorr_zoomed_mseq.png, id=134, 1433.355pt x 804.00375pt>
File: figs/ex8_autocorr_zoomed_mseq.png Graphic file (type png)
<use figs/ex8_autocorr_zoomed_mseq.png>
Package pdftex.def Info: figs/ex8_autocorr_zoomed_mseq.png  used on input line 
320.
(pdftex.def)             Requested size: 422.77664pt x 237.14224pt.
 [31 <./figs/ex8_autocorr_mseq.png (PNG copy)> <./figs/ex8_autocorr_zoomed_mseq
.png (PNG copy)>]) (./Problems/exercise_9.tex
Overfull \hbox (23.0001pt too wide) in paragraph at lines 25--26
[][][][][][][][][][][][][][][][][][][][][][][][][][][][][][][][] 
 []


Overfull \hbox (36.14024pt too wide) in paragraph at lines 26--27
[][][][][][][][][][][][][][][][][][][][][][][] 
 []


Overfull \hbox (23.0001pt too wide) in paragraph at lines 27--28
[][][][][][][][][][][][][][][][][][][][][][][][][][][][][][][][][][][][][][][][
][][][][] 
 []


Overfull \hbox (36.14024pt too wide) in paragraph at lines 29--30
[][][][][][][][][][][][][][][][][][][][][][][][][][][][][][][][][][][][] 
 []


Overfull \hbox (16.43004pt too wide) in paragraph at lines 35--36
[][][][][][][][][][][][][][][][][][][][][][][][][][][][][] 
 []


Overfull \hbox (29.57018pt too wide) in paragraph at lines 36--37
[][][][][][][][][][][][][][][][][][][][][][][][][][][][][][][][][][][][][] 
 []

[32]
Overfull \hbox (23.0001pt too wide) in paragraph at lines 40--42
[][][][][][][][][][] 
 []


Overfull \hbox (23.0001pt too wide) in paragraph at lines 49--50
[][][][][][][][][][][][][][][][][][][][][][][][][][][][][][][][][][][][] 
 []


Overfull \hbox (9.85997pt too wide) in paragraph at lines 50--51
[][][][][][][][][][][][][][][][][][][][][][][] 
 []

[33]
Overfull \hbox (16.43004pt too wide) in paragraph at lines 91--93
[][][][][][][][][][][][][][][][][][][][][][][][][][][][][][][][][] 
 []

<figs/ex9_crosscorr.png, id=145, 1433.355pt x 804.00375pt>
File: figs/ex9_crosscorr.png Graphic file (type png)
<use figs/ex9_crosscorr.png>
Package pdftex.def Info: figs/ex9_crosscorr.png  used on input line 139.
(pdftex.def)             Requested size: 422.77664pt x 237.14224pt.
[34]) [35 <./figs/ex9_crosscorr.png (PNG copy)>] (./report_skeleton.aux)

LaTeX Warning: There were multiply-defined labels.

 ) 
Here is how much of TeX's memory you used:
 6385 strings out of 478287
 92533 string characters out of 5849290
 616938 words of memory out of 5000000
 24437 multiletter control sequences out of 15000+600000
 481990 words of font info for 74 fonts, out of 8000000 for 9000
 1141 hyphenation exceptions out of 8191
 59i,6n,65p,292b,1542s stack positions out of 5000i,500n,10000p,200000b,80000s
{/usr/share/texmf/fonts/enc/dvips/cm-super/cm-super-ts1.enc}</usr/share/texli
ve/texmf-dist/fonts/type1/public/amsfonts/cm/cmbx10.pfb></usr/share/texlive/tex
mf-dist/fonts/type1/public/amsfonts/cm/cmbx12.pfb></usr/share/texlive/texmf-dis
t/fonts/type1/public/amsfonts/cm/cmex10.pfb></usr/share/texlive/texmf-dist/font
s/type1/public/amsfonts/cm/cmmi10.pfb></usr/share/texlive/texmf-dist/fonts/type
1/public/amsfonts/cm/cmmi6.pfb></usr/share/texlive/texmf-dist/fonts/type1/publi
c/amsfonts/cm/cmmi8.pfb></usr/share/texlive/texmf-dist/fonts/type1/public/amsfo
nts/cm/cmr10.pfb></usr/share/texlive/texmf-dist/fonts/type1/public/amsfonts/cm/
cmr12.pfb></usr/share/texlive/texmf-dist/fonts/type1/public/amsfonts/cm/cmr17.p
fb></usr/share/texlive/texmf-dist/fonts/type1/public/amsfonts/cm/cmr8.pfb></usr
/share/texlive/texmf-dist/fonts/type1/public/amsfonts/cm/cmsy10.pfb></usr/share
/texlive/texmf-dist/fonts/type1/public/amsfonts/cm/cmsy8.pfb></usr/share/texliv
e/texmf-dist/fonts/type1/public/amsfonts/cm/cmti10.pfb></usr/share/texmf/fonts/
type1/public/cm-super/sfrm1095.pfb></usr/share/texmf/fonts/type1/public/cm-supe
r/sfti1095.pfb>
Output written on report_skeleton.pdf (35 pages, 1586977 bytes).
PDF statistics:
 217 PDF objects out of 1000 (max. 8388607)
 125 compressed objects within 2 object streams
 0 named destinations out of 1000 (max. 500000)
 101 words of extra memory for PDF output out of 10000 (max. 10000000)

