 1490  146047  0.778300169843   112.327    0.000000   31
 1490  146048  0.785300341212   110.306   -0.037680   31
 1490  146049  0.785300511353   111.676    0.000427   31
 1490  146049  0.785300511353   106.377    0.000000   29
 1490  146050  0.785300681567   113.399   -0.001577   31
 1490  146050  0.785300681567   113.106    0.043694   29
 1490  146051  0.785300852339   113.815   -0.005610   31
 1490  146051  0.785300852339   115.742    0.009157   29
 1490  146052  0.785301023298   114.401    0.007480   31
 1490  146052  0.785301023298   119.870    0.021463   29
 1490  146053  0.785301194727   113.895   -0.006436   31
 1490  146053  0.785301194727   125.986   -0.019640   29
 1490  146054  0.785301366124   113.655   -0.031373   31
 1490  146054  0.785301366124   133.347   -0.027550   29
 1490  146055  0.785301537686   113.820    0.044446   31
 1490  146055  0.785301537686   136.791    0.038615   29
 1490  146056  0.785301709215   115.313   -0.022665   31
 1490  146056  0.785301709215   142.931   -0.027093   29
 1490  146057  0.785301880992   115.624    0.005698   31
 1490  146057  0.785301880992   146.616   -0.011292   29
 1490  146058  0.785302053118   115.900   -0.017987   31
 1490  146058  0.785302053118   152.037   -0.014488   29
 1490  146059  0.785302225356   116.451    0.021646   31
 1490  146059  0.785302225356   148.071    0.029819   29
 1490  146060  0.785302398046   115.820   -0.007875   31
 1490  146060  0.785302398046   146.921   -0.000084   29
 1490  146061  0.785302570855   116.061    0.022479   31
 1490  146061  0.785302570855   147.804   -0.008397   29
 1490  146062  0.785302744056   116.872   -0.020981   31
 1490  146062  0.785302744056   147.854   -0.046436   29
 1490  146063  0.785302917488   116.911   -0.000366   31
 1490  146063  0.785302917488   146.545    0.017727   29
 1490  146064  0.785303090901   117.496    0.004152   31
 1490  146064  0.785303090901   144.562   -0.018734   29
 1490  146065  0.785303264609   117.110    0.004832   31
 1490  146065  0.785303264609   146.159    0.036650   29
 1490  146066  0.785303438562   115.957    0.042683   31
 1490  146066  0.785303438562   146.187    0.039762   29
 1490  146067  0.785303612892   114.553   -0.032166   31
 1490  146067  0.785303612892   147.480   -0.055318   29
 1490  146068  0.785303787341   114.274   -0.009931   31
 1490  146068  0.785303787341   147.322    0.011333   29
 1490  146069  0.785303962143   113.587    0.006765   31
 1490  146069  0.785303962143   150.252    0.019074   29
 1490  146070  0.785304137106   113.762   -0.008365   31
 1490  146070  0.785304137106   152.166   -0.038762   29
 1490  146071  0.785304312280   113.610    0.017181   31
 1490  146071  0.785304312280   160.506   -0.001785   29
 1490  146072  0.785304487774   113.352   -0.029022   31
 1490  146072  0.785304487774   165.945   -0.010596   29
 1490  146073  0.785304663144   113.529    0.032496   31
 1490  146073  0.785304663144   169.459    0.029387   29
 1490  146074  0.785304838857   113.239    0.000287   31
 1490  146074  0.785304838857   173.001   -0.007017   29
 1490  146075  0.785305014780   112.800   -0.000204   31
 1490  146075  0.785305014780   168.780   -0.016566   29
 1490  146076  0.785305190918   112.245   -0.005772   31
 1490  146076  0.785305190918   167.823    0.007320   29
 1490  146077  0.785305367447   111.127    0.000616   31
 1490  146077  0.785305367447   165.285   -0.009630   29
 1490  146078  0.785305544031   110.336   -0.027475   31
 1490  146078  0.785305544031   159.948   -0.018682   29
 1490  146079  0.785305720864   108.725    0.029621   31
 1490  146079  0.785305720864   160.519    0.015657   29
 1490  146080  0.785305897667   109.493   -0.037093   31
 1490  146080  0.785305897667   160.090   -0.033538   29
 1490  146081  0.785306074747   109.193    0.033276   31
 1490  146081  0.785306074747   165.298    0.037555   29
 1490  146082  0.785306251865   109.614    0.001782   31
 1490  146082  0.785306251865   162.029   -0.032371   29
 1490  146083  0.785306429091   110.378   -0.017494   31
 1490  146083  0.785306429091   151.225   -0.023821   29
 1490  146084  0.785306606501   111.612   -0.005374   31
 1490  146084  0.785306606501   143.731    0.039096   29
 1490  146085  0.785306784293   112.171    0.019491   31
 1490  146085  0.785306784293   141.734   -0.001667   29
 1490  146086  0.785306962634   111.335    0.000034   31
 1490  146086  0.785306962634   141.139   -0.023552   29
 1490  146087  0.785307140905   110.667   -0.020853   31
 1490  146087  0.785307140905   142.219   -0.032019   29
 1490  146088  0.785307319155   111.201   -0.000272   31
 1490  146088  0.785307319155   139.902    0.018377   29
 1490  146089  0.785307498094   110.271    0.003424   31
 1490  146089  0.785307498094   142.161    0.027994   29
 1490  146090  0.785307676929   110.403    0.003930   31
 1490  146090  0.785307676929   144.954   -0.030373   29
 1490  146091  0.785307856259   110.002   -0.005386   31
 1490  146091  0.785307856259   144.252    0.017229   29
 1490  146092  0.785308035614   110.164   -0.005576   31
 1490  146092  0.785308035614   138.031    0.010431   29
 1490  146093  0.785308215011   111.784    0.014373   31
 1490  146093  0.785308215011   139.270   -0.014990   29
 1490  146094  0.785308394780   112.978   -0.002824   31
 1490  146094  0.785308394780   139.983   -0.021072   29
 1490  146095  0.785308574699   113.863    0.010211   31
 1490  146095  0.785308574699   137.235    0.045287   29
 1490  146096  0.785308754913   113.953   -0.011579   31
 1490  146096  0.785308754913   139.952   -0.033546   29
 1490  146097  0.785308935314   113.799    0.007407   31
 1490  146097  0.785308935314   139.507    0.041853   29
 1490  146098  0.785309116304   112.852    0.010603   31
 1490  146098  0.785309116304   140.394   -0.029468   29
 1490  146099  0.785309297833   110.610   -0.026970   31
 1490  146099  0.785309297833   140.158   -0.018372   29
 1490  146100  0.785309479299   109.440    0.020275   31
 1490  146100  0.785309479299   134.588   -0.002921   29
 1490  146101  0.785309660440   109.880    0.012410   31
 1490  146101  0.785309660440   134.779    0.025648   29
 1490  146102  0.785309841447   111.488    0.012933   31
 1490  146102  0.785309841447   137.879    0.001797   29
 1490  146103  0.785310022863   111.949   -0.024197   31
 1490  146103  0.785310022863   136.598   -0.078427   29
 1490  146104  0.785310204783   112.055   -0.002728   31
 1490  146104  0.785310204783   139.975    0.031240   29
 1490  146105  0.785310387288   110.720   -0.016561   31
 1490  146105  0.785310387288   142.364   -0.017611   29
 1490  146106  0.785310570062   110.101    0.007644   31
 1490  146106  0.785310570062   142.665    0.006784   29
 1490  146107  0.785310752901   109.642    0.014809   31
 1490  146107  0.785310752901   138.544    0.024402   29
 1490  146108  0.785310935777   109.452    0.019065   31
 1490  146108  0.785310935777   137.847    0.017551   29
 1490  146109  0.785311118785   110.086    0.009887   31
 1490  146109  0.785311118785   136.205   -0.014433   29
 1490  146110  0.785311302029   110.347   -0.016418   31
 1490  146110  0.785311302029   135.197    0.004838   29
 1490  146111  0.785311485702   110.953   -0.000159   31
 1490  146111  0.785311485702   134.956   -0.001127   29
 1490  146112  0.785311669638   111.110    0.003852   31
 1490  146112  0.785311669638   133.178   -0.035926   29
 1490  146113  0.785311853688   111.068   -0.002965   31
 1490  146113  0.785311853688   131.560    0.020926   29
 1490  146114  0.785312038006   111.594   -0.012726   31
 1490  146114  0.785312038006   130.591   -0.018570   29
 1490  146115  0.785312222325   111.972   -0.003713   31
 1490  146115  0.785312222325   129.971    0.054011   29
 1490  146116  0.785312406903   112.529    0.015568   31
 1490  146116  0.785312406903   132.392   -0.039404   29
 1490  146117  0.785312591472   112.968   -0.005050   31
 1490  146117  0.785312591472   132.880    0.020157   29
 1490  146118  0.785312776605   112.092   -0.013240   31
 1490  146118  0.785312776605   130.387   -0.001821   29
 1490  146119  0.785312961998   110.805    0.010920   31
 1490  146119  0.785312961998   126.121    0.004279   29
 1490  146120  0.785313147462   111.083   -0.010354   31
 1490  146120  0.785313147462   123.794   -0.040844   29
 1490  146121  0.785313333086   111.678    0.010513   31
 1490  146121  0.785313333086   118.794    0.039891   29
 1490  146122  0.785313519082   111.341   -0.003698   31
 1490  146122  0.785313519082   115.096   -0.055273   29
 1490  146123  0.785313705369   111.291    0.007674   31
 1490  146123  0.785313705369   114.996    0.000285   29
 1490  146124  0.785313891788   110.660    0.002054   31
 1490  146124  0.785313891788   115.921    0.003025   29
 1490  146125  0.785314078159   111.094   -0.034558   31
 1490  146125  0.785314078159   117.146   -0.044218   29
 1490  146126  0.785314264953   110.361    0.019395   31
 1490  146126  0.785314264953   120.228    0.037510   29
 1490  146127  0.785314451902   109.493   -0.013251   31
 1490  146127  0.785314451902   121.151   -0.014911   29
 1490  146128  0.785314639176   108.048    0.030705   31
 1490  146128  0.785314639176   122.522    0.011532   29
 1490  146129  0.785314826582   107.432   -0.026019   31
 1490  146129  0.785314826582   123.558   -0.021048   29
 1490  146130  0.785315013979   107.714    0.013749   31
 1490  146130  0.785315013979   123.456   -0.002884   29
 1490  146131  0.785315201776   107.014   -0.002788   31
 1490  146131  0.785315201776   124.200   -0.008357   29
 1490  146132  0.785315389755   107.683   -0.005699   31
 1490  146132  0.785315389755   116.674   -0.029560   29
 1490  146133  0.785315577781   108.653    0.019841   31
 1490  146133  0.785315577781   114.464    0.033438   29
 1490  146134  0.785315766099   109.023    0.019105   31
 1490  146134  0.785315766099   115.028    0.021659   29
 1490  146135  0.785315954587   110.223   -0.039005   31
 1490  146135  0.785315954587   122.046   -0.036478   29
 1490  146136  0.785316143585   110.499   -0.005386   31
 1490  146136  0.785316143585   122.980   -0.002377   29
 1490  146137  0.785316332770   110.597   -0.002142   31
 1490  146137  0.785316332770   126.205   -0.043168   29
 1490  146138  0.785316522129   110.934   -0.000607   31
 1490  146138  0.785316522129   128.482    0.000935   29
 1490  146139  0.785316711462   111.735   -0.015601   31
 1490  146139  0.785316711462   123.033    0.005636   29
 1490  146140  0.785316900762   113.692    0.013394   31
 1490  146140  0.785316900762   120.662   -0.050101   29
 1490  146141  0.785317090362   115.149    0.029871   31
 1490  146141  0.785317090362   121.908    0.006655   29
 1490  146142  0.785317280144   116.323   -0.026031   31
 1490  146142  0.785317280144   119.899    0.042427   29
 1490  146143  0.785317470274   117.543   -0.000689   31
 1490  146143  0.785317470274   114.049   -0.034202   29
 1490  146144  0.785317660569   119.198    0.005850   31
 1490  146144  0.785317660569   113.120   -0.001123   29
 1490  146145  0.785317851330   119.225   -0.001777   31
 1490  146145  0.785317851330   116.275    0.018962   29
 1490  146146  0.785318042575   117.747   -0.011185   31
 1490  146146  0.785318042575   118.899   -0.056094   29
 1490  146147  0.785318233687   116.752    0.028753   31
 1490  146147  0.785318233687   116.338    0.057379   29
 1490  146148  0.785318424926   117.381    0.012981   31
 1490  146148  0.785318424926   114.808   -0.008363   29
 1490  146149  0.785318616197   118.052   -0.017905   31
 1490  146149  0.785318616197   106.762    0.003269   29
 1490  146150  0.785318807874   118.479   -0.032061   31
 1490  146150  0.785318807874   104.859   -0.042177   29
 1490  146151  0.785318999694   119.805    0.046115   31
 1490  146151  0.785318999694   106.493    0.000237   29
 1490  146152  0.785319191874   120.369   -0.020473   31
 1490  146152  0.785319191874   111.334    0.062244   29
 1490  146153  0.785319384327   120.234    0.003696   31
 1490  146153  0.785319384327   111.998    0.005057   29
 1490  146154  0.785319577043   119.740    0.008154   31
 1490  146154  0.785319577043   113.820   -0.009158   29
 1490  146155  0.785319770098   118.471   -0.001787   31
 1490  146155  0.785319770098   122.013   -0.030710   29
 1490  146156  0.785319963216   118.234   -0.016485   31
 1490  146156  0.785319963216   120.646   -0.017522   29
 1490  146157  0.785320156178   118.753    0.005800   31
 1490  146157  0.785320156178   122.076    0.011183   29
 1490  146158  0.785320349654   118.749    0.020798   31
 1490  146158  0.785320349654   117.669    0.004826   29
 1490  146159  0.785320543561   118.114    0.002386   31
 1490  146159  0.785320543561   118.998   -0.004919   29
 1490  146160  0.785320737882   116.922   -0.013606   31
 1490  146160  0.785320737882   123.708    0.006680   29
 1490  146161  0.785320932505   115.796   -0.019346   31
 1490  146161  0.785320932505   129.780   -0.019706   29
 1490  146162  0.785321126981   115.490    0.031905   31
 1490  146162  0.785321126981   131.333    0.022181   29
 1490  146163  0.785321322016   113.401   -0.021890   31
 1490  146163  0.785321322016   125.602   -0.042991   29
 1490  146164  0.785321517018   112.715    0.039260   31
 1490  146164  0.785321517018   127.355    0.001730   29
 1490  146165  0.785321712173   111.763   -0.026613   31
 1490  146165  0.785321712173   121.936    0.018258   29
 1490  146166  0.785321907246   111.913   -0.008702   31
 1490  146166  0.785321907246   124.219   -0.041196   29
 1490  146167  0.785322102508   112.433    0.016224   31
 1490  146167  0.785322102508   122.237    0.023549   29
 1490  146168  0.785322298206   111.721   -0.013824   31
 1490  146168  0.785322298206   117.594   -0.004053   29
 1490  146169  0.785322494124   111.923    0.004523   31
 1490  146169  0.785322494124   120.698    0.010830   29
 1490  146170  0.785322690502   111.514    0.002806   31
 1490  146170  0.785322690502   121.619   -0.002530   29
 1490  146171  0.785322886921   111.999   -0.019538   31
 1490  146171  0.785322886921   123.648    0.015726   29
 1490  146172  0.785323083193   112.533    0.020914   31
 1490  146172  0.785323083193   122.591    0.018878   29
 1490  146173  0.785323279819   112.644   -0.006796   31
 1490  146173  0.785323279819   120.494   -0.048425   29
 1490  146174  0.785323476622   112.674    0.013248   31
 1490  146174  0.785323476622   116.862    0.030757   29
 1490  146175  0.785323673594   113.244   -0.011520   31
 1490  146175  0.785323673594   112.448   -0.029442   29
 1490  146176  0.785323870698   113.379   -0.020040   31
 1490  146176  0.785323870698   112.060   -0.010617   29
 1490  146177  0.785324068171   112.347    0.019008   31
 1490  146177  0.785324068171   118.195    0.007268   29
 1490  146178  0.785324266011   112.184   -0.011042   31
 1490  146178  0.785324266011   121.724   -0.021770   29
 1490  146179  0.785324463853   111.988    0.029869   31
 1490  146179  0.785324463853   121.847    0.040925   29
 1490  146180  0.785324661993   111.807   -0.015214   31
 1490  146180  0.785324661993   124.057   -0.049039   29
 1490  146181  0.785324860470   111.303   -0.019330   31
 1490  146181  0.785324860470   128.852   -0.027606   29
 1490  146182  0.785325059141   109.818   -0.001934   31
 1490  146182  0.785325059141   127.382   -0.002231   29
 1490  146183  0.785325258218   109.572   -0.007902   31
 1490  146183  0.785325258218   123.030    0.018031   29
 1490  146184  0.785325457367   109.055    0.006608   31
 1490  146184  0.785325457367   121.461    0.001224   29
 1490  146185  0.785325656448   109.546    0.015081   31
 1490  146185  0.785325656448   117.967   -0.000366   29
 1490  146186  0.785325855794   109.855   -0.009820   31
 1490  146186  0.785325855794   114.210   -0.018824   29
 1490  146187  0.785326055456   110.190   -0.023021   31
 1490  146187  0.785326055456   108.759   -0.040139   29
 1490  146188  0.785326255201   110.159    0.023496   31
 1490  146188  0.785326255201   103.952    0.035219   29
 1490  146189  0.785326455412   109.074    0.016038   31
 1490  146189  0.785326455412   104.043    0.002470   29
 1490  146190  0.785326655265   109.916    0.014455   31
 1490  146190  0.785326655265   112.570    0.029570   29
 1490  146191  0.785326855796   109.364   -0.019829   31
 1490  146191  0.785326855796   117.700   -0.055103   29
 1490  146192  0.785327056460   109.275    0.034247   31
 1490  146192  0.785327056460   111.978    0.017060   29
 1490  146193  0.785327257665   108.390   -0.017571   31
 1490  146193  0.785327257665   109.349    0.001784   29
 1490  146194  0.785327458679   108.618   -0.002463   31
 1490  146194  0.785327458679   106.744   -0.041770   29
 1490  146195  0.785327659902   108.126   -0.009667   31
 1490  146195  0.785327659902   105.415    0.018237   29
 1490  146196  0.785327861642   106.870   -0.007290   31
 1490  146196  0.785327861642   108.290   -0.015346   29
 1490  146197  0.785328063652   106.083    0.004303   31
 1490  146197  0.785328063652   109.230   -0.005558   29
 1490  146198  0.785328265833   105.596   -0.011013   31
 1490  146198  0.785328265833   112.160   -0.008631   29
 1490  146199  0.785328468084   105.966    0.005976   31
 1490  146199  0.785328468084   114.592   -0.029234   29
 1490  146200  0.785328670408   106.115    0.026091   31
 1490  146200  0.785328670408   117.585    0.032831   29
 1490  146201  0.785328873076   106.440   -0.017225   31
 1490  146201  0.785328873076   119.693   -0.065455   29
 1490  146202  0.785329075919   107.114    0.014928   31
 1490  146202  0.785329075919   114.109    0.031167   29
 1490  146203  0.785329278872   107.834   -0.017441   31
 1490  146203  0.785329278872   105.275   -0.016055   29
 1490  146204  0.785329481866   110.110   -0.008465   31
 1490  146204  0.785329481866   106.806   -0.022273   29
 1490  146205  0.785329685202   110.660    0.021251   31
 1490  146205  0.785329685202   102.256    0.011939   29
 1490  146206  0.785329888867   111.026   -0.004503   31
 1490  146206  0.785329888867    94.157    0.026973   29
 1490  146207  0.785330092890   111.473   -0.001067   31
 1490  146207  0.785330092890    86.896   -0.019299   29
 1490  146208  0.785330296978   111.478   -0.001468   31
 1490  146208  0.785330296978    84.255    0.013343   29
 1490  146209  0.785330501162   112.346    0.004930   31
 1490  146209  0.785330501162    75.622    0.009087   29
 1490  146210  0.785330705377   113.720    0.014945   31
 1490  146210  0.785330705377    76.010   -0.014169   29
 1490  146211  0.785330910213   114.560   -0.019051   31
 1490  146211  0.785330910213    77.364   -0.022989   29
 1490  146212  0.785331115176   115.844    0.013534   31
 1490  146212  0.785331115176    78.829   -0.009359   29
 1490  146213  0.785331320381   115.917   -0.013290   31
 1490  146213  0.785331320381    81.571   -0.015049   29
 1490  146214  0.785331525860   114.883    0.014689   31
 1490  146214  0.785331525860    83.119   -0.014403   29
 1490  146215  0.785331731554   114.221   -0.009024   31
 1490  146215  0.785331731554    81.717    0.014895   29
 1490  146216  0.785331937497   113.889    0.035477   31
 1490  146216  0.785331937497    76.761    0.037971   29
 1490  146217  0.785332143279   113.775   -0.030457   31
 1490  146217  0.785332143279    67.782   -0.028335   29
 1490  146218  0.785332348879   114.534   -0.008715   31
 1490  146218  0.785332348879    62.708    0.008825   29
 1490  146219  0.785332554959   115.155   -0.024225   31
 1490  146219  0.785332554959    65.336   -0.031542   29
 1490  146220  0.785332761436   116.456    0.031850   31
 1490  146220  0.785332761436    66.591    0.037121   29
 1490  146221  0.785332968485   116.290   -0.004924   31
 1490  146221  0.785332968485    74.882   -0.038945   29
 1490  146222  0.785333175718   116.316   -0.018787   31
 1490  146222  0.785333175718    70.951   -0.016090   29
 1490  146223  0.785333382970   117.334    0.015377   31
 1490  146223  0.785333382970    68.674    0.027610   29
 1490  146224  0.785333590559   117.767    0.010219   31
 1490  146224  0.785333590559    66.797   -0.004016   29
 1490  146225  0.785333798342   116.421    0.008583   31
 1490  146225  0.785333798342    64.648    0.010197   29
 1490  146226  0.785334006216   115.664   -0.030844   31
 1490  146226  0.785334006216    60.729   -0.007297   29
 1490  146227  0.785334214140   115.888    0.006931   31
 1490  146227  0.785334214140    56.499    0.026028   29
 1490  146228  0.785334422332   115.131    0.005745   31
 1490  146228  0.785334422332    53.196   -0.037897   29
 1490  146229  0.785334630838   114.452   -0.000756   31
 1490  146229  0.785334630838    54.047   -0.012193   29
 1490  146230  0.785334839819   114.174    0.002252   31
 1490  146230  0.785334839819    54.969   -0.001728   29
 1490  146231  0.785335048813   114.042   -0.004055   31
 1490  146231  0.785335048813    60.125   -0.014666   29
 1490  146232  0.785335258093   113.693   -0.009843   31
 1490  146232  0.785335258093    62.411   -0.039200   29
 1490  146233  0.785335467372   114.315    0.026565   31
 1490  146233  0.785335467372    64.181    0.055573   29
 1490  146234  0.785335677114   113.705   -0.010418   31
 1490  146234  0.785335677114    64.941   -0.058500   29
 1490  146235  0.785335887119   112.642   -0.006675   31
 1490  146235  0.785335887119    63.557    0.029620   29
 1490  146236  0.785336097180   112.766   -0.016532   31
 1490  146236  0.785336097180    65.098   -0.057820   29
 1490  146237  0.785336307375   113.402    0.011101   31
 1490  146237  0.785336307375    68.391    0.012056   29
 1490  146238  0.785336517584   114.452    0.016083   31
 1490  146238  0.785336517584    67.482    0.019696   29
 1490  146239  0.785336728118   115.438    0.014625   31
 1490  146239  0.785336728118    66.648    0.038606   29
 1490  146240  0.785336938807   116.314   -0.017099   31
 1490  146240  0.785336938807    65.580   -0.036797   29
