 1490  146046  0.780000000000    1101974.155596   -4583502.710316    4282259.463030     502367.348409       0.0493      -0.0485       0.0323       8.2351   0
 1490  146047  0.778300169843    1101968.810610   -4583487.069321    4282241.728217      -7292.613436      -0.0035       0.1308      -0.0983       8.0764   0
 1490  146048  0.785300341212    1101968.772016   -4583486.873984    4282241.552221      -7326.732941      -0.0037       0.1224      -0.0963       8.0882   0
 1490  146049  0.785300511353    1101968.735359   -4583486.681203    4282241.378511      -7318.487255      -0.0235       0.1159      -0.1441       8.0662   0
 1490  146050  0.785300681567    1101968.701517   -4583486.491578    4282241.207013      -7310.234088      -0.0036       0.1357      -0.1064       8.0744   0
 1490  146051  0.785300852339    1101968.668930   -4583486.305828    4282241.039227      -7301.723018      -0.0107       0.0996      -0.0770       8.1296   0
 1490  146052  0.785301023298    1101968.636237   -4583486.120796    4282240.872836      -7293.478023      -0.0166       0.1408      -0.1220       8.0561   0
 1490  146053  0.785301194727    1101968.602237   -4583485.934518    4282240.708348      -7285.350014      -0.0206       0.1083      -0.1037       8.0642   0
 1490  146054  0.785301366124    1101968.568391   -4583485.748656    4282240.545768      -7277.137978      -0.0139       0.1310      -0.1305       8.0509   0
 1490  146055  0.785301537686    1101968.534605   -4583485.565794    4282240.383629      -7268.941325      -0.0058       0.0828      -0.0994       8.0958   0
 1490  146056  0.785301709215    1101968.501735   -4583485.384843    4282240.221120      -7260.884399      -0.0404       0.1322      -0.1082       8.0561   0
 1490  146057  0.785301880992    1101968.468817   -4583485.204958    4282240.058947      -7252.834993      -0.0320       0.1144      -0.1155       8.0518   0
 1490  146058  0.785302053118    1101968.435781   -4583485.026467    4282239.896585      -7244.797628       0.0007       0.0931      -0.1090       8.0886   0
 1490  146059  0.785302225356    1101968.402991   -4583484.851000    4282239.738002      -7236.484197       0.0120       0.0743      -0.0706       8.1224   0
 1490  146060  0.785302398046    1101968.370728   -4583484.677746    4282239.582944      -7228.251779       0.0044       0.0958      -0.0743       8.1209   0
 1490  146061  0.785302570855    1101968.338121   -4583484.503347    4282239.429199      -7220.235891      -0.0131       0.0968      -0.0979       8.0867   0
 1490  146062  0.785302744056    1101968.306199   -4583484.327511    4282239.274459      -7212.340468      -0.0068       0.1241      -0.1134       8.0658   0
 1490  146063  0.785302917488    1101968.273892   -4583484.149719    4282239.119053      -7204.441404      -0.0297       0.0966      -0.0838       8.0999   0
 1490  146064  0.785303090901    1101968.242869   -4583483.975870    4282238.966639      -7196.077758      -0.0165       0.1534      -0.1496       8.0325   0
 1490  146065  0.785303264609    1101968.212781   -4583483.807752    4282238.818333      -7187.572654      -0.0165       0.1662      -0.1634       8.0314   0
 1490  146066  0.785303438562    1101968.183552   -4583483.641082    4282238.672644      -7179.331378      -0.0137       0.0994      -0.1777       8.0475   0
 1490  146067  0.785303612892    1101968.154710   -4583483.471576    4282238.527312      -7171.434869       0.0075       0.0989      -0.1128       8.0776   0
 1490  146068  0.785303787341    1101968.126546   -4583483.299516    4282238.380882      -7163.596022      -0.0266       0.1494      -0.1298       8.0290   0
 1490  146069  0.785303962143    1101968.099541   -4583483.128159    4282238.236036      -7155.429949      -0.0073       0.0750      -0.1342       8.0635   0
 1490  146070  0.785304137106    1101968.073556   -4583482.959858    4282238.094675      -7147.025719      -0.0063       0.0843      -0.1095       8.1080   0
 1490  146071  0.785304312280    1101968.048498   -4583482.792267    4282237.954583      -7138.887067      -0.0113       0.1329      -0.1293       8.0536   0
 1490  146072  0.785304487774    1101968.022528   -4583482.622314    4282237.810860      -7131.173784      -0.0248       0.1237      -0.1323       8.0625   0
 1490  146073  0.785304663144    1101967.996740   -4583482.451569    4282237.663766      -7123.418642      -0.0101       0.0799      -0.1003       8.0946   0
 1490  146074  0.785304838857    1101967.970277   -4583482.279123    4282237.514695      -7115.594943       0.0030       0.0690      -0.0790       8.0959   0
 1490  146075  0.785305014780    1101967.943108   -4583482.109402    4282237.367382      -7107.330648      -0.0223       0.0906      -0.1338       8.0840   0
 1490  146076  0.785305190918    1101967.915637   -4583481.939828    4282237.218009      -7099.362166       0.0030       0.0627      -0.1296       8.0786   0
 1490  146077  0.785305367447    1101967.887419   -4583481.772303    4282237.068524      -7091.230156       0.0016       0.1221      -0.1049       8.0769   0
 1490  146078  0.785305544031    1101967.859089   -4583481.607607    4282236.918961      -7083.031739      -0.0212       0.1203      -0.1296       8.0719   0
 1490  146079  0.785305720864    1101967.832349   -4583481.447663    4282236.774293      -7074.462462      -0.0019       0.1068      -0.0639       8.1006   0
 1490  146080  0.785305897667    1101967.806421   -4583481.291554    4282236.631933      -7066.098551      -0.0232       0.0961      -0.1242       8.0746   0
 1490  146081  0.785306074747    1101967.780440   -4583481.134666    4282236.491631      -7057.971055      -0.0034       0.1302      -0.1132       8.0558   0
 1490  146082  0.785306251865    1101967.754560   -4583480.981252    4282236.355359      -7049.548408       0.0133       0.0936      -0.1123       8.0761   0
 1490  146083  0.785306429091    1101967.730100   -4583480.836167    4282236.227247      -7040.637511       0.0034       0.1365      -0.1149       8.0923   0
 1490  146084  0.785306606501    1101967.707619   -4583480.699417    4282236.106725      -7031.749147      -0.0098       0.1181      -0.0728       8.0968   0
 1490  146085  0.785306784293    1101967.687882   -4583480.569393    4282235.990039      -7023.152795      -0.0232       0.1391      -0.1060       8.0528   0
 1490  146086  0.785306962634    1101967.669692   -4583480.442818    4282235.874733      -7014.804781      -0.0282       0.1324      -0.1430       8.0584   0
 1490  146087  0.785307140905    1101967.651981   -4583480.318447    4282235.760969      -7006.523533      -0.0087       0.0896      -0.1448       8.0819   0
 1490  146088  0.785307319155    1101967.634465   -4583480.194765    4282235.648782      -6998.325379      -0.0038       0.0702      -0.0948       8.0727   0
 1490  146089  0.785307498094    1101967.615478   -4583480.070924    4282235.536015      -6990.309654      -0.0214       0.0672      -0.1214       8.1010   0
 1490  146090  0.785307676929    1101967.594492   -4583479.947603    4282235.422654      -6982.248833       0.0083       0.0839      -0.1051       8.1199   0
 1490  146091  0.785307856259    1101967.572197   -4583479.825778    4282235.310283      -6974.079313      -0.0506       0.1629      -0.1678       8.0151   0
 1490  146092  0.785308035614    1101967.549378   -4583479.707133    4282235.200560      -6965.707564       0.0052       0.0653      -0.1015       8.0870   0
 1490  146093  0.785308215011    1101967.526539   -4583479.592079    4282235.093155      -6957.317710      -0.0176       0.1252      -0.1033       8.0807   0
 1490  146094  0.785308394780    1101967.505479   -4583479.479562    4282234.987466      -6949.074223      -0.0094       0.0494      -0.0571       8.1218   0
 1490  146095  0.785308574699    1101967.486080   -4583479.368715    4282234.884308      -6940.818579      -0.0236       0.1305      -0.1349       8.0318   0
 1490  146096  0.785308754913    1101967.466697   -4583479.258274    4282234.784034      -6932.570476      -0.0028       0.1074      -0.1247       8.0792   0
 1490  146097  0.785308935314    1101967.446604   -4583479.147316    4282234.685622      -6924.423179      -0.0050       0.0929      -0.0967       8.0930   0
 1490  146098  0.785309116304    1101967.425613   -4583479.033170    4282234.584778      -6916.634717      -0.0123       0.1119      -0.1179       8.0868   0
 1490  146099  0.785309297833    1101967.404045   -4583478.918063    4282234.481968      -6908.732676       0.0037       0.1190      -0.1386       8.0587   0
 1490  146100  0.785309479299    1101967.382297   -4583478.807280    4282234.381131      -6900.328408       0.0179       0.0931      -0.1150       8.1077   0
 1490  146101  0.785309660440    1101967.361420   -4583478.699770    4282234.283816      -6891.914385      -0.0478       0.1491      -0.1442       8.0463   0
 1490  146102  0.785309841447    1101967.341980   -4583478.595978    4282234.190569      -6883.485478      -0.0030       0.1087      -0.1036       8.0939   0
 1490  146103  0.785310022863    1101967.323845   -4583478.496721    4282234.101379      -6875.004324      -0.0023       0.0944      -0.0925       8.0894   0
 1490  146104  0.785310204783    1101967.307498   -4583478.398456    4282234.012960      -6866.872873      -0.0142       0.1178      -0.1292       8.0744   0
 1490  146105  0.785310387288    1101967.290980   -4583478.299475    4282233.924210      -6858.857690      -0.0028       0.0989      -0.1203       8.0794   0
 1490  146106  0.785310570062    1101967.274434   -4583478.200298    4282233.835766      -6850.780038      -0.0009       0.0908      -0.1072       8.0789   0
 1490  146107  0.785310752901    1101967.258544   -4583478.103657    4282233.749852      -6842.457936      -0.0249       0.1274      -0.1536       8.0417   0
 1490  146108  0.785310935777    1101967.244793   -4583478.013229    4282233.670522      -6833.717971      -0.0102       0.1203      -0.1229       8.0791   0
 1490  146109  0.785311118785    1101967.231534   -4583477.925229    4282233.595355      -6825.292227      -0.0231       0.1070      -0.0981       8.0553   0
 1490  146110  0.785311302029    1101967.217871   -4583477.838303    4282233.524137      -6816.904638      -0.0236       0.1002      -0.1162       8.0680   0
 1490  146111  0.785311485702    1101967.204773   -4583477.753585    4282233.456309      -6808.491233       0.0078       0.0821      -0.1014       8.1099   0
 1490  146112  0.785311669638    1101967.192116   -4583477.668936    4282233.388639      -6800.350196       0.0038       0.0923      -0.0789       8.1194   0
 1490  146113  0.785311853688    1101967.179636   -4583477.585699    4282233.322004      -6792.173154      -0.0178       0.1326      -0.1201       8.0771   0
 1490  146114  0.785312038006    1101967.167274   -4583477.505257    4282233.254657      -6784.008573      -0.0116       0.0764      -0.1331       8.0838   0
 1490  146115  0.785312222325    1101967.155304   -4583477.426185    4282233.184994      -6775.998530      -0.0117       0.1071      -0.1149       8.0997   0
 1490  146116  0.785312406903    1101967.142775   -4583477.347346    4282233.113811      -6767.931052      -0.0122       0.1044      -0.0996       8.1037   0
 1490  146117  0.785312591472    1101967.130622   -4583477.269380    4282233.043454      -6759.686489      -0.0049       0.1209      -0.1436       8.0252   0
 1490  146118  0.785312776605    1101967.118642   -4583477.192398    4282232.973651      -6751.492620      -0.0017       0.0665      -0.0772       8.0928   0
 1490  146119  0.785312961998    1101967.107803   -4583477.118650    4282232.904898      -6743.196821      -0.0087       0.0929      -0.1217       8.0837   0
 1490  146120  0.785313147462    1101967.096489   -4583477.047858    4282232.838282      -6734.823554      -0.0180       0.1047      -0.1459       8.0400   0
 1490  146121  0.785313333086    1101967.084839   -4583476.981949    4282232.775705      -6726.211042       0.0143       0.0888      -0.1427       8.0846   0
 1490  146122  0.785313519082    1101967.072439   -4583476.919720    4282232.715565      -6717.743445      -0.0309       0.1720      -0.1336       8.0375   0
 1490  146123  0.785313705369    1101967.059741   -4583476.861132    4282232.657246      -6709.304468       0.0051       0.0974      -0.0934       8.0659   0
 1490  146124  0.785313891788    1101967.046923   -4583476.804056    4282232.597447      -6701.173874      -0.0326       0.1477      -0.1276       8.0571   0
 1490  146125  0.785314078159    1101967.033522   -4583476.748588    4282232.536418      -6693.049347       0.0134       0.0763      -0.0802       8.1127   0
 1490  146126  0.785314264953    1101967.018138   -4583476.690240    4282232.471938      -6685.297057       0.0005       0.0626      -0.0668       8.1156   0
 1490  146127  0.785314451902    1101967.001206   -4583476.632682    4282232.407320      -6677.210964      -0.0160       0.1099      -0.1352       8.0708   0
 1490  146128  0.785314639176    1101966.983715   -4583476.574308    4282232.341113      -6669.271346      -0.0198       0.1368      -0.1324       8.0669   0
 1490  146129  0.785314826582    1101966.966028   -4583476.515278    4282232.273541      -6661.302277      -0.0191       0.1042      -0.1285       8.0703   0
 1490  146130  0.785315013979    1101966.947247   -4583476.454589    4282232.206274      -6653.259858      -0.0174       0.0704      -0.0832       8.1022   0
 1490  146131  0.785315201776    1101966.926810   -4583476.392407    4282232.138620      -6645.208120      -0.0232       0.0902      -0.1523       8.0673   0
 1490  146132  0.785315389755    1101966.904172   -4583476.330398    4282232.072682      -6636.944970      -0.0031       0.0674      -0.0683       8.1393   0
 1490  146133  0.785315577781    1101966.879207   -4583476.267040    4282232.007747      -6628.866956      -0.0106       0.1203      -0.1113       8.1025   0
 1490  146134  0.785315766099    1101966.852988   -4583476.201816    4282231.940926      -6620.997413      -0.0129       0.0982      -0.1490       8.0530   0
 1490  146135  0.785315954587    1101966.826879   -4583476.133994    4282231.872370      -6613.178073      -0.0286       0.1077      -0.0987       8.0884   0
 1490  146136  0.785316143585    1101966.800470   -4583476.064842    4282231.800999      -6605.373723      -0.0006       0.1086      -0.1227       8.0648   0
 1490  146137  0.785316332770    1101966.774855   -4583475.995681    4282231.729267      -6597.330837      -0.0083       0.1049      -0.1301       8.0657   0
 1490  146138  0.785316522129    1101966.750791   -4583475.928079    4282231.656825      -6589.229798       0.0055       0.0717      -0.1079       8.0864   0
 1490  146139  0.785316711462    1101966.728820   -4583475.866259    4282231.587948      -6580.671638       0.0034       0.0595      -0.0725       8.1358   0
 1490  146140  0.785316900762    1101966.710498   -4583475.810248    4282231.524147      -6571.986616       0.0203       0.0864      -0.0737       8.1172   0
 1490  146141  0.785317090362    1101966.694246   -4583475.757012    4282231.465054      -6563.504651      -0.0063       0.0769      -0.1124       8.0832   0
 1490  146142  0.785317280144    1101966.678422   -4583475.704179    4282231.408556      -6555.282494       0.0086       0.1046      -0.1249       8.0721   0
 1490  146143  0.785317470274    1101966.662175   -4583475.651611    4282231.354549      -6547.084553      -0.0008       0.0964      -0.0860       8.1217   0
 1490  146144  0.785317660569    1101966.645279   -4583475.598447    4282231.303247      -6538.945164      -0.0256       0.0887      -0.1061       8.1097   0
 1490  146145  0.785317851330    1101966.628330   -4583475.540775    4282231.252445      -6531.114910      -0.0176       0.1373      -0.1284       8.0496   0
 1490  146146  0.785318042575    1101966.611248   -4583475.477644    4282231.201189      -6523.400206      -0.0255       0.1339      -0.1098       8.0564   0
 1490  146147  0.785318233687    1101966.594591   -4583475.414331    4282231.152096      -6515.299019      -0.0100       0.1473      -0.1770       8.0103   0
 1490  146148  0.785318424926    1101966.578077   -4583475.350553    4282231.103656      -6507.306614       0.0013       0.0878      -0.0686       8.1208   0
 1490  146149  0.785318616197    1101966.561753   -4583475.287552    4282231.055572      -6499.251072      -0.0425       0.1651      -0.1324       8.0341   0
 1490  146150  0.785318807874    1101966.546145   -4583475.225319    4282231.006850      -6491.237016      -0.0034       0.1075      -0.1312       8.0726   0
 1490  146151  0.785318999694    1101966.529430   -4583475.162010    4282230.955443      -6483.405249      -0.0040       0.1461      -0.1285       8.0591   0
 1490  146152  0.785319191874    1101966.511963   -4583475.095737    4282230.900500      -6475.717618      -0.0065       0.0683      -0.1096       8.0977   0
 1490  146153  0.785319384327    1101966.493916   -4583475.026361    4282230.842330      -6468.022010      -0.0033       0.0806      -0.0430       8.1500   0
 1490  146154  0.785319577043    1101966.475963   -4583474.956062    4282230.782463      -6460.086847       0.0115       0.0528      -0.0637       8.1424   0
 1490  146155  0.785319770098    1101966.459453   -4583474.884934    4282230.722816      -6452.029241       0.0061       0.1473      -0.1484       8.0380   0
 1490  146156  0.785319963216    1101966.444661   -4583474.814564    4282230.667461      -6443.706867      -0.0194       0.1308      -0.1551       8.0569   0
 1490  146157  0.785320156178    1101966.433368   -4583474.747856    4282230.615920      -6435.286408      -0.0112       0.1126      -0.1261       8.0828   0
 1490  146158  0.785320349654    1101966.422638   -4583474.682730    4282230.565633      -6427.077048      -0.0323       0.1580      -0.1160       8.0422   0
 1490  146159  0.785320543561    1101966.411620   -4583474.616409    4282230.515137      -6419.034572      -0.0006       0.0621      -0.0894       8.1243   0
 1490  146160  0.785320737882    1101966.399584   -4583474.549825    4282230.462423      -6411.058265      -0.0025       0.0817      -0.0984       8.1037   0
 1490  146161  0.785320932505    1101966.386967   -4583474.482877    4282230.407686      -6403.120891      -0.0140       0.0942      -0.0825       8.0981   0
 1490  146162  0.785321126981    1101966.373792   -4583474.414381    4282230.349709      -6395.280000      -0.0215       0.0946      -0.1332       8.0972   0
 1490  146163  0.785321322016    1101966.359041   -4583474.345157    4282230.289734      -6387.321022       0.0076       0.0909      -0.1123       8.0810   0
 1490  146164  0.785321517018    1101966.343513   -4583474.274281    4282230.227401      -6379.454566      -0.0163       0.0913      -0.1398       8.0679   0
 1490  146165  0.785321712173    1101966.328486   -4583474.206535    4282230.165786      -6371.153476      -0.0072       0.0939      -0.1334       8.0874   0
 1490  146166  0.785321907246    1101966.314220   -4583474.138702    4282230.105097      -6363.001131      -0.0178       0.1126      -0.1236       8.0934   0
 1490  146167  0.785322102508    1101966.301054   -4583474.074078    4282230.048515      -6354.509099       0.0078       0.0816      -0.1085       8.1173   0
 1490  146168  0.785322298206    1101966.289387   -4583474.013803    4282229.998701      -6345.794191       0.0053       0.0798      -0.1014       8.0997   0
 1490  146169  0.785322494124    1101966.277976   -4583473.954717    4282229.953103      -6337.327464       0.0074       0.0607      -0.0640       8.1359   0
 1490  146170  0.785322690502    1101966.266373   -4583473.894916    4282229.910690      -6328.969692      -0.0296       0.1657      -0.1354       8.0513   0
 1490  146171  0.785322886921    1101966.254976   -4583473.834407    4282229.869365      -6320.775645      -0.0073       0.0914      -0.0940       8.1063   0
 1490  146172  0.785323083193    1101966.244713   -4583473.777297    4282229.830978      -6312.303499      -0.0183       0.0790      -0.1189       8.0712   0
 1490  146173  0.785323279819    1101966.235798   -4583473.720731    4282229.794708      -6304.015680      -0.0112       0.1341      -0.1360       8.0400   0
 1490  146174  0.785323476622    1101966.228690   -4583473.665133    4282229.760462      -6295.738406      -0.0095       0.1334      -0.1117       8.0623   0
 1490  146175  0.785323673594    1101966.223302   -4583473.611057    4282229.726046      -6287.587126      -0.0353       0.1787      -0.1833       7.9673   0
 1490  146176  0.785323870698    1101966.218172   -4583473.556418    4282229.691717      -6279.516747       0.0105       0.0936      -0.0842       8.0845   0
 1490  146177  0.785324068171    1101966.213590   -4583473.501816    4282229.658601      -6271.340900       0.0042       0.0895      -0.0979       8.1023   0
 1490  146178  0.785324266011    1101966.208365   -4583473.446109    4282229.622461      -6263.404873      -0.0178       0.0905      -0.0825       8.1204   0
 1490  146179  0.785324463853    1101966.202638   -4583473.391468    4282229.586288      -6255.201153      -0.0011       0.0947      -0.0857       8.0962   0
 1490  146180  0.785324661993    1101966.196031   -4583473.336605    4282229.549051      -6247.148660      -0.0122       0.0830      -0.0933       8.0933   0
 1490  146181  0.785324860470    1101966.189798   -4583473.280486    4282229.511098      -6239.121401       0.0040       0.0845      -0.1011       8.0949   0
 1490  146182  0.785325059141    1101966.183732   -4583473.222953    4282229.473670      -6231.046454      -0.0043       0.0956      -0.0982       8.0787   0
 1490  146183  0.785325258218    1101966.178421   -4583473.166769    4282229.437232      -6222.760626      -0.0206       0.1273      -0.1190       8.0583   0
 1490  146184  0.785325457367    1101966.173657   -4583473.114337    4282229.403272      -6214.248918       0.0020       0.0863      -0.1145       8.0655   0
 1490  146185  0.785325656448    1101966.168666   -4583473.066554    4282229.371899      -6205.730248       0.0092       0.0683      -0.0496       8.1251   0
 1490  146186  0.785325855794    1101966.164328   -4583473.026596    4282229.347058      -6196.779451      -0.0055       0.1288      -0.1212       8.0696   0
 1490  146187  0.785326055456    1101966.159783   -4583472.991406    4282229.324652      -6188.197728       0.0081       0.0677      -0.0912       8.0897   0
 1490  146188  0.785326255201    1101966.155803   -4583472.960378    4282229.302340      -6179.764067       0.0027       0.0723      -0.0808       8.1088   0
 1490  146189  0.785326455412    1101966.153467   -4583472.932313    4282229.281847      -6171.262797      -0.0117       0.1344      -0.1459       8.0419   0
 1490  146190  0.785326655265    1101966.152486   -4583472.907089    4282229.262547      -6162.863567       0.0128       0.0820      -0.1411       8.0616   0
 1490  146191  0.785326855796    1101966.152094   -4583472.882702    4282229.242901      -6154.595768      -0.0081       0.1250      -0.1411       8.0445   0
 1490  146192  0.785327056460    1101966.151013   -4583472.862355    4282229.224319      -6146.116544      -0.0173       0.1192      -0.1131       8.0716   0
 1490  146193  0.785327257665    1101966.148876   -4583472.844181    4282229.204854      -6137.896066      -0.0190       0.1230      -0.1068       8.0825   0
 1490  146194  0.785327458679    1101966.146453   -4583472.828099    4282229.186667      -6129.591313      -0.0103       0.0761      -0.1077       8.0988   0
 1490  146195  0.785327659902    1101966.144720   -4583472.816096    4282229.171687      -6121.072606      -0.0241       0.1363      -0.1191       8.0691   0
 1490  146196  0.785327861642    1101966.141609   -4583472.804407    4282229.156864      -6112.880236       0.0282       0.0562      -0.0969       8.1181   0
 1490  146197  0.785328063652    1101966.137424   -4583472.793320    4282229.142723      -6104.623197       0.0079       0.0578      -0.0513       8.1387   0
 1490  146198  0.785328265833    1101966.132566   -4583472.781618    4282229.129314      -6096.449220      -0.0006       0.1124      -0.1296       8.0735   0
 1490  146199  0.785328468084    1101966.125535   -4583472.768602    4282229.115791      -6088.357906      -0.0211       0.0942      -0.0957       8.0907   0
 1490  146200  0.785328670408    1101966.117312   -4583472.754282    4282229.100661      -6080.326759       0.0131       0.0699      -0.0687       8.1289   0
 1490  146201  0.785328873076    1101966.108972   -4583472.737542    4282229.083394      -6072.395654      -0.0186       0.0969      -0.1011       8.0988   0
 1490  146202  0.785329075919    1101966.100871   -4583472.720484    4282229.068227      -6064.158150      -0.0157       0.1411      -0.1081       8.0712   0
 1490  146203  0.785329278872    1101966.093252   -4583472.705430    4282229.056319      -6055.781515       0.0050       0.0452      -0.0723       8.1370   0
 1490  146204  0.785329481866    1101966.086696   -4583472.694202    4282229.047384      -6047.307209      -0.0039       0.1228      -0.1132       8.0589   0
 1490  146205  0.785329685202    1101966.081120   -4583472.688073    4282229.042194      -6038.647242      -0.0315       0.1347      -0.1324       8.0511   0
 1490  146206  0.785329888867    1101966.077449   -4583472.687778    4282229.041227      -6029.905020      -0.0102       0.1046      -0.0679       8.0928   0
 1490  146207  0.785330092890    1101966.076014   -4583472.692403    4282229.044548      -6021.192240      -0.0036       0.0650      -0.0897       8.1228   0
 1490  146208  0.785330296978    1101966.075951   -4583472.698343    4282229.048660      -6012.869995       0.0098       0.0927      -0.1149       8.0977   0
 1490  146209  0.785330501162    1101966.075932   -4583472.706033    4282229.056181      -6004.404055       0.0083       0.0726      -0.0561       8.1193   0
 1490  146210  0.785330705377    1101966.075138   -4583472.711982    4282229.065783      -5996.191022       0.0094       0.0698      -0.1010       8.0931   0
 1490  146211  0.785330910213    1101966.073476   -4583472.714947    4282229.074014      -5988.229435      -0.0126       0.1142      -0.1185       8.0397   0
 1490  146212  0.785331115176    1101966.069718   -4583472.714518    4282229.082198      -5980.243705      -0.0304       0.0961      -0.1105       8.0891   0
 1490  146213  0.785331320381    1101966.064726   -4583472.713614    4282229.089644      -5972.153703      -0.0132       0.1242      -0.1301       8.0548   0
 1490  146214  0.785331525860    1101966.060127   -4583472.715705    4282229.095012      -5963.983682      -0.0140       0.1178      -0.1270       8.0786   0
 1490  146215  0.785331731554    1101966.056494   -4583472.723446    4282229.103802      -5955.289702      -0.0325       0.1356      -0.1502       8.0426   0
 1490  146216  0.785331937497    1101966.052803   -4583472.735317    4282229.115216      -5946.693798      -0.0310       0.1451      -0.1252       8.0467   0
 1490  146217  0.785332143279    1101966.048854   -4583472.750023    4282229.129241      -5938.192794       0.0208       0.0776      -0.0594       8.1345   0
 1490  146218  0.785332348879    1101966.045289   -4583472.764215    4282229.143197      -5930.043936      -0.0151       0.1394      -0.1436       8.0445   0
 1490  146219  0.785332554959    1101966.042074   -4583472.777827    4282229.159062      -5921.813264       0.0092       0.0796      -0.0990       8.0923   0
 1490  146220  0.785332761436    1101966.040453   -4583472.793585    4282229.173145      -5913.658853      -0.0241       0.1403      -0.1383       8.0710   0
 1490  146221  0.785332968485    1101966.038475   -4583472.807553    4282229.182542      -5905.889557      -0.0269       0.1744      -0.1634       8.0478   0
 1490  146222  0.785333175718    1101966.037106   -4583472.823459    4282229.191399      -5897.685879      -0.0012       0.0834      -0.1411       8.0520   0
 1490  146223  0.785333382970    1101966.035079   -4583472.837759    4282229.198606      -5889.699539       0.0056       0.0867      -0.0426       8.1198   0
 1490  146224  0.785333590559    1101966.031003   -4583472.848781    4282229.203917      -5881.860478       0.0049       0.0769      -0.0998       8.1059   0
 1490  146225  0.785333798342    1101966.025212   -4583472.857464    4282229.208998      -5873.854363      -0.0171       0.1418      -0.1423       8.0530   0
 1490  146226  0.785334006216    1101966.017279   -4583472.864612    4282229.214602      -5865.765799      -0.0231       0.1167      -0.1021       8.0758   0
 1490  146227  0.785334214140    1101966.007883   -4583472.873366    4282229.222043      -5857.452181      -0.0349       0.1516      -0.1690       8.0467   0
 1490  146228  0.785334422332    1101965.997071   -4583472.883119    4282229.229848      -5849.242135      -0.0303       0.1343      -0.1370       8.0658   0
 1490  146229  0.785334630838    1101965.984089   -4583472.890694    4282229.236443      -5841.194266       0.0028       0.1236      -0.1027       8.0892   0
 1490  146230  0.785334839819    1101965.970521   -4583472.895861    4282229.242112      -5833.153699       0.0113       0.0839      -0.0642       8.1414   0
 1490  146231  0.785335048813    1101965.957583   -4583472.899162    4282229.247226      -5825.011621      -0.0164       0.1244      -0.1178       8.0768   0
 1490  146232  0.785335258093    1101965.944272   -4583472.900182    4282229.250288      -5817.033064      -0.0109       0.1301      -0.1015       8.0700   0
 1490  146233  0.785335467372    1101965.930465   -4583472.899873    4282229.252390      -5808.961813      -0.0059       0.1161      -0.1446       8.0653   0
 1490  146234  0.785335677114    1101965.916965   -4583472.899692    4282229.254078      -5800.816839      -0.0105       0.1430      -0.0739       8.0762   0
 1490  146235  0.785335887119    1101965.905064   -4583472.900351    4282229.255020      -5792.670758      -0.0001       0.1040      -0.0844       8.1082   0
 1490  146236  0.785336097180    1101965.894015   -4583472.902009    4282229.254792      -5784.534980      -0.0100       0.1120      -0.0920       8.0953   0
 1490  146237  0.785336307375    1101965.883397   -4583472.905008    4282229.254711      -5776.285112      -0.0008       0.0914      -0.0754       8.0913   0
 1490  146238  0.785336517584    1101965.875116   -4583472.911672    4282229.256252      -5767.835832       0.0045       0.0579      -0.0804       8.1050   0
 1490  146239  0.785336728118    1101965.867281   -4583472.919311    4282229.258963      -5759.530142      -0.0095       0.1486      -0.0976       8.0616   0
 1490  146240  0.785336938807    1101965.860461   -4583472.931117    4282229.265814      -5750.933395       0.0086       0.1032      -0.0876       8.1080   0
