 1617   90201  0.013918636201  100.0  0.023  0.025  0.022  1.424  1.375  1.471   0.740   -4.130   0   0    2 
 1617   90201  0.021918431154  100.0  0.021  0.022  0.020  0.185  0.231  0.120  -1.000  -29.091   1   0    7 
 1617   90201  0.007698500972  100.0  0.023  0.020  0.025  1.400  1.378  1.422   0.740   -4.313   0   0    8 
 1617   90201  0.010779154071  100.0  0.021  0.021  0.021  1.917  1.957  1.875   0.780   -1.556   0   0   10 
 1617   90201  0.023815310329  100.0  0.020  0.020  0.019  0.185  0.231  0.120  -1.000  -29.024   2   0   11 
 1617   90201  0.016712795854  100.0  0.021  0.022  0.021  6.442  6.513  6.371   1.580   -0.691   0   0   13 
 1617   90201  0.027737798855  100.0  0.022  0.018  0.025  0.611  0.556  0.661   1.000  -12.362   0   0   17 
 1617   90201  0.023975407173  100.0  0.021  0.021  0.021  0.090  0.111  0.061  -1.000  -30.390   0   0   19 
 1617   90201  0.013943245341  100.0  0.023  0.024  0.021  2.203  2.155  2.250   0.840   -1.235   0   0   20 
 1617   90201  0.021753051187  100.0  0.020  0.020  0.019  1.263  1.357  1.162   0.740   -5.155   0   0   23 
 1617   90201  0.027880253384  100.0  0.021  0.021  0.021  0.755  0.700  0.805   1.060   -9.421   0   0   24 
 1617   90201  0.024821894584  100.0  0.021  0.020  0.021  0.699  0.726  0.671   1.160  -10.237   0   0   28 
 1617   90201  0.013918633841  100.0  0.031  0.032  0.031  1.110  1.072  1.146  -1.000   -6.113   0   2    2 
 1617   90201  0.021918429092  100.0  0.029  0.029  0.030  0.007  0.008  0.007  -1.000  -27.876   0   2    7 
 1617   90201  0.007698504230  100.0  0.032  0.031  0.033  1.091  1.074  1.108  -1.000   -6.256   0   2    8 
 1617   90201  0.010779158536  100.0  0.030  0.030  0.030  1.494  1.525  1.461   0.680   -3.664   0   2   10 
 1617   90201  0.023815307242  100.0  0.028  0.027  0.029  0.145  0.180  0.096  -1.000  -27.318   0   2   11 
 1617   90201  0.016712790962  100.0  0.030  0.029  0.031  5.019  5.074  4.964   0.460   -0.843   0   2   13 
 1617   90201  0.027737797862  100.0  0.029  0.029  0.029  0.476  0.434  0.514   1.040  -16.674   0   2   17 
 1617   90201  0.023975401790  100.0  0.029  0.029  0.028  0.069  0.086  0.047  -1.000  -27.471   0   2   19 
 1617   90201  0.013943247745  100.0  0.032  0.034  0.030  1.717  1.679  1.753   0.680   -2.305   0   2   20 
 1617   90201  0.021753041296  100.0  0.028  0.029  0.026  0.985  1.058  0.906  -1.000   -7.009   0   2   23 
 1617   90201  0.027880258703  100.0  0.031  0.032  0.030  0.589  0.547  0.628   1.000  -12.836   0   2   24 
 1617   90201  0.024821891871  100.0  0.031  0.029  0.032  0.544  0.564  0.522   1.100  -14.202   0   2   28 
 1617   90301  0.016366278490  100.0  0.245  0.075  0.325  21.750  8.875  29.380   0.140   -0.010   0   0    2 
 1617   90301  0.020008134660  100.0  0.022  0.023  0.021  0.196  0.157  0.228  -1.000  -29.109   1   0    7 
 1617   90301  0.025495346434  100.0  0.022  0.021  0.022  2.018  1.996  2.040   0.760   -1.373   0   0    8 
 1617   90301  0.031210742624  100.0  0.022  0.022  0.021  0.600  0.651  0.544   1.180  -12.598   0   0   10 
 1617   90301  0.025207130983  100.0  0.021  0.020  0.021  1.529  1.465  1.590   0.760   -3.421   0   0   11 
 1617   90301  0.017657603468  100.0  0.085  0.063  0.101  4.020  4.121  3.916   0.560   -0.831   0   0   13 
 1617   90301  0.029759985190  100.0  0.021  0.021  0.021  2.124  2.067  2.179   0.860   -1.276   0   0   17 
 1617   90301  0.022682974476  100.0  0.021  0.020  0.022  0.760  0.726  0.792   1.080   -9.281   0   0   19 
 1617   90301  0.016622920668  100.0  0.023  0.024  0.022  3.554  3.504  3.604   0.640   -1.008   0   0   20 
 1617   90301  0.023937156698  100.0  0.022  0.021  0.022  1.410  1.314  1.499   0.780   -4.212   0   0   23 
 1617   90301  0.029397482901  100.0  0.022  0.021  0.023  2.249  2.194  2.303   0.760   -1.232   0   0   24 
 1617   90301  0.024389011195  100.0  0.020  0.020  0.020  0.196  0.157  0.228  -1.000  -29.501   2   0   28 
 1617   90301  0.016367236621  100.0  0.246  0.080  0.325  100.797  32.356  138.475  -1.000   -0.951   0   2    2 
 1617   90301  0.020008131894  100.0  0.029  0.030  0.028  0.007  0.008  0.007  -1.000  -28.294   0   2    7 
 1617   90301  0.025495348228  100.0  0.030  0.029  0.030  1.572  1.555  1.589   0.680   -3.158   0   2    8 
 1617   90301  0.031210748103  100.0  0.031  0.030  0.032  0.468  0.508  0.425   1.080  -16.870   0   2   10 
 1617   90301  0.025207128120  100.0  0.030  0.030  0.029  1.191  1.142  1.239   0.760   -5.657   0   2   11 
 1617   90301  0.017657597903  100.0  0.086  0.065  0.103  3.132  3.211  3.051   0.720   -0.943   0   2   13 
 1617   90301  0.029759984997  100.0  0.030  0.030  0.030  1.655  1.611  1.697   0.680   -2.645   0   2   17 
 1617   90301  0.022682969382  100.0  0.029  0.028  0.031  0.591  0.564  0.616   1.040  -12.787   0   2   19 
 1617   90301  0.016622924396  100.0  0.034  0.036  0.032  2.770  2.731  2.808   0.780   -1.111   0   2   20 
 1617   90301  0.023937147630  100.0  0.028  0.028  0.028  1.099  1.024  1.168   0.800   -6.221   0   2   23 
 1617   90301  0.029397488989  100.0  0.030  0.027  0.032  1.752  1.708  1.796   0.680   -2.143   0   2   24 
 1617   90301  0.024389007713  100.0  0.029  0.030  0.028  0.153  0.123  0.178  -1.000  -27.282   0   2   28 
 1617   90401  0.018441365463  100.0  0.021  0.020  0.020  3.850  3.767  3.931   0.580   -0.967   0   0    7 
 1617   90401  0.023490922713  100.0  0.021  0.023  0.020  1.264  1.198  1.326   0.780   -5.193   0   0    8 
 1617   90401  0.031881508612  100.0  0.023  0.024  0.022  2.836  2.815  2.857   0.780   -1.095   0   0   10 
 1617   90401  0.026750811529  100.0  0.022  0.022  0.021  0.569  0.549  0.588   1.020  -13.587   0   0   11 
 1617   90401  0.019053992558  100.0  0.020  0.019  0.020  4.805  4.838  4.772   0.480   -0.855   0   0   13 
 1617   90401  0.031875015785  100.0  0.022  0.022  0.022  0.161  0.135  0.184  -1.000  -28.904   0   0   17 
 1617   90401  0.021599014279  100.0  0.019  0.019  0.020  2.097  2.052  2.140   0.840   -1.283   0   0   19 
 1617   90401  0.026362159985  100.0  0.020  0.020  0.019  0.060  0.034  0.076  -1.000  -30.984   1   0   23 
 1617   90401  0.030985674202  100.0  0.021  0.022  0.021  0.060  0.034  0.076  -1.000  -30.364   2   0   24 
 1617   90401  0.024184584495  100.0  0.020  0.021  0.018  2.547  2.508  2.586   0.840   -1.162   0   0   28 
 1617   90401  0.018441361490  100.0  0.026  0.027  0.025  3.000  2.936  3.062   0.760   -1.077   0   2    7 
 1617   90401  0.023490923717  100.0  0.030  0.029  0.030  0.985  0.934  1.033   0.860   -6.948   0   2    8 
 1617   90401  0.031881513493  100.0  0.032  0.033  0.030  2.211  2.194  2.227   0.880   -1.227   0   2   10 
 1617   90401  0.026750808528  100.0  0.030  0.030  0.029  0.443  0.428  0.458   1.060  -18.492   0   2   11 
 1617   90401  0.019053987869  100.0  0.027  0.027  0.027  3.745  3.770  3.719   0.620   -0.982   0   2   13 
 1617   90401  0.031875015230  100.0  0.032  0.031  0.033  0.126  0.104  0.145  -1.000  -26.943   0   2   17 
 1617   90401  0.021599008554  100.0  0.029  0.028  0.030  1.634  1.599  1.668   0.680   -2.745   0   2   19 
 1617   90401  0.026362151985  100.0  0.031  0.032  0.030  0.008  0.007  0.008  -1.000  -27.492   0   2   23 
 1617   90401  0.030985681369  100.0  0.032  0.031  0.032  0.047  0.028  0.060  -1.000  -27.313   0   2   24 
 1617   90401  0.024184581088  100.0  0.027  0.027  0.027  1.985  1.954  2.015   0.720   -1.415   0   2   28 
 1617   90501  0.017265095756  100.0  0.083  0.044  0.106  2.751  2.718  2.784   0.800   -1.170   0   0    7 
 1617   90501  0.021736141896  100.0  0.023  0.025  0.020  0.197  0.221  0.168  -1.000  -29.174   2   0    8 
 1617   90501  0.032775992425  100.0  0.024  0.025  0.022  0.081  0.100  0.055  -1.000  -30.297   0   0   10 
 1617   90501  0.028414188113  100.0  0.022  0.021  0.023  2.141  2.122  2.160   0.820   -1.259   0   0   11 
 1617   90501  0.020848978285  100.0  0.023  0.026  0.019  0.605  0.673  0.528   1.200  -12.607   0   0   13 
 1617   90501  0.034052444455  100.0  0.024  0.023  0.024  2.383  2.370  2.395   0.860   -1.203   0   0   17 
 1617   90501  0.020741506421  100.0  0.022  0.021  0.022  0.197  0.221  0.168  -1.000  -29.457   1   0   19 
 1617   90501  0.026279728505  100.0  0.024  0.025  0.022  0.525  0.564  0.482   1.080  -12.078   0   0   15 
 1617   90501  0.028962465196  100.0  0.023  0.023  0.023  3.123  3.094  3.152   0.700   -1.058   0   0   23 
 1617   90501  0.032617187370  100.0  0.024  0.024  0.023  2.483  2.470  2.497   0.880   -1.191   0   0   24 
 1617   90501  0.024217238608  100.0  0.022  0.023  0.020  0.274  0.281  0.266  -1.000  -27.089   0   0   28 
 1617   90501  0.017265092232  100.0  0.084  0.044  0.108  2.144  2.117  2.170   0.900   -1.308   0   2    7 
 1617   90501  0.021736141693  100.0  0.028  0.030  0.027  0.154  0.173  0.133  -1.000  -27.842   0   2    8 
 1617   90501  0.032775997371  100.0  0.033  0.033  0.033  0.064  0.078  0.044  -1.000  -26.969   0   2   10 
 1617   90501  0.028414185614  100.0  0.031  0.030  0.032  1.667  1.653  1.682   0.660   -2.556   0   2   11 
 1617   90501  0.020848972838  100.0  0.026  0.027  0.025  0.472  0.524  0.412   1.120  -16.549   0   2   13 
 1617   90501  0.034052445737  100.0  0.032  0.031  0.032  1.857  1.847  1.867   0.660   -1.716   0   2   17 
 1617   90501  0.020741500567  100.0  0.027  0.027  0.028  0.007  0.007  0.007  -1.000  -28.385   0   2   19 
 1617   90501  0.028962457495  100.0  0.030  0.030  0.031  2.434  2.410  2.457   0.860   -1.191   0   2   23 
 1617   90501  0.032617195082  100.0  0.032  0.031  0.032  1.935  1.926  1.945   0.620   -1.515   0   2   24 
 1617   90501  0.024217235606  100.0  0.028  0.028  0.029  0.213  0.219  0.207  -1.000  -27.149   0   2   28 
 1617   90601  0.036514967949  100.0  0.020  0.019  0.020  3.539  3.517  3.562   0.640   -1.005   0   0    7 
 1617   90601  0.040278922241  100.0  0.020  0.021  0.019  0.631  0.598  0.661   1.060  -11.781   0   0    8 
 1617   90601  0.053873108072  100.0  0.023  0.022  0.023  0.564  0.542  0.584   1.020  -13.649   0   0   10 
 1617   90601  0.050166151677  100.0  0.021  0.018  0.024  2.569  2.558  2.581   0.900   -1.164   0   0   11 
 1617   90601  0.042980630443  100.0  0.019  0.020  0.019  1.215  1.157  1.271   0.780   -5.464   0   0   13 
 1617   90601  0.056263916640  100.0  0.023  0.024  0.023  2.670  2.662  2.678   0.900   -1.126   0   0   17 
 1617   90601  0.040123685150  100.0  0.018  0.018  0.019  0.271  0.240  0.299  -1.000  -26.766   1   0   19 
 1617   90601  0.044712261264  100.0  0.019  0.020  0.019  0.271  0.240  0.299  -1.000  -26.772   2   0   15 
 1617   90601  0.051675973309  100.0  0.021  0.022  0.020  3.742  3.727  3.758   0.620   -0.984   0   0   23 
 1617   90601  0.054266662446  100.0  0.023  0.023  0.022  2.763  2.755  2.770   0.800   -1.118   0   0   24 
 1617   90601  0.044489985255  100.0  0.020  0.019  0.020  0.061  0.068  0.053  -1.000  -30.120   0   0   28 
 1617   90601  0.036514964061  100.0  0.028  0.027  0.029  2.758  2.740  2.775   0.800   -1.115   0   2    7 
 1617   90601  0.040278922017  100.0  0.026  0.028  0.025  0.491  0.465  0.516   1.040  -16.248   0   2    8 
 1617   90601  0.053873114416  100.0  0.032  0.032  0.032  0.441  0.424  0.457   1.060  -18.359   0   2   10 
 1617   90601  0.050166150844  100.0  0.031  0.029  0.032  2.001  1.991  2.010   0.720   -1.391   0   2   11 
 1617   90601  0.042980626405  100.0  0.028  0.029  0.027  0.947  0.901  0.991   0.880   -7.202   0   2   13 
 1617   90601  0.056263919523  100.0  0.031  0.030  0.032  2.082  2.076  2.088   0.760   -1.297   0   2   17 
 1617   90601  0.040123678496  100.0  0.024  0.024  0.025  0.007  0.007  0.007  -1.000  -28.881   0   2   19 
 1617   90601  0.044712259352  100.0  0.029  0.029  0.029  0.212  0.187  0.233  -1.000  -26.977   0   2   15 
 1617   90601  0.051675967029  100.0  0.029  0.030  0.028  2.916  2.904  2.927   0.780   -1.089   0   2   23 
 1617   90601  0.054266671985  100.0  0.033  0.032  0.033  2.154  2.148  2.159   0.760   -1.254   0   2   24 
 1617   90601  0.044489982371  100.0  0.028  0.028  0.028  0.048  0.054  0.042  -1.000  -28.282   0   2   28 
 1617   90701  0.056212578389  100.0  0.020  0.019  0.020  3.916  3.912  3.921   0.600   -0.968   0   0    7 
 1617   90701  0.039162074252  100.0  0.018  0.019  0.018  1.534  1.502  1.566   0.740   -3.404   0   0    8 
 1617   90701  0.055146532532  100.0  0.023  0.023  0.024  1.095  1.078  1.112  -1.000   -6.222   0   0   10 
 1617   90701  0.051976096496  100.0  0.022  0.021  0.022  2.795  2.790  2.800   0.780   -1.109   0   0   11 
 1617   90701  0.045381344682  100.0  0.019  0.021  0.017  2.526  2.488  2.563   0.840   -1.160   0   0   13 
 1617   90701  0.058481805440  100.0  0.023  0.023  0.022  2.790  2.788  2.792   0.800   -1.106   0   0   17 
 1617   90701  0.039753843524  100.0  0.018  0.019  0.016  0.158  0.151  0.166  -1.000  -30.378   1   0   19 
 1617   90701  0.043455178856  100.0  0.020  0.021  0.018  1.135  1.102  1.167   0.760   -5.991   0   0   15 
 1617   90701  0.054443630089  100.0  0.023  0.023  0.024  4.006  4.002  4.009   0.580   -0.946   0   0   23 
 1617   90701  0.055910094606  100.0  0.024  0.024  0.024  2.875  2.874  2.876   0.800   -1.087   0   0   24 
 1617   90701  0.044999887428  100.0  0.019  0.019  0.019  0.158  0.151  0.166  -1.000  -30.293   2   0   28 
 1617   90701  0.056212574394  100.0  0.028  0.029  0.028  3.052  3.048  3.055   0.760   -1.077   0   2    7 
 1617   90701  0.039162074017  100.0  0.026  0.026  0.025  1.196  1.171  1.220   0.800   -5.663   0   2    8 
 1617   90701  0.055146539645  100.0  0.031  0.032  0.029  0.854  0.840  0.867   1.020   -8.006   0   2   10 
 1617   90701  0.051976096646  100.0  0.031  0.033  0.029  2.178  2.174  2.182   0.740   -1.240   0   2   11 
 1617   90701  0.045381341788  100.0  0.027  0.028  0.027  1.969  1.940  1.998   0.700   -1.440   0   2   13 
 1617   90701  0.058481809295  100.0  0.032  0.033  0.032  2.173  2.173  2.174   1.020   -1.243   0   2   17 
 1617   90701  0.039753837500  100.0  0.026  0.025  0.027  0.007  0.007  0.007  -1.000  -28.598   0   2   19 
 1617   90701  0.043455176474  100.0  0.027  0.028  0.026  0.883  0.858  0.908   0.900   -7.751   0   2   15 
 1617   90701  0.054443626457  100.0  0.032  0.034  0.031  3.122  3.119  3.125   0.720   -1.061   0   2   23 
 1617   90701  0.055910104689  100.0  0.033  0.034  0.031  2.241  2.241  2.241   0.860   -1.218   0   2   24 
 1617   90701  0.044999884010  100.0  0.027  0.026  0.028  0.124  0.118  0.130  -1.000  -27.600   0   2   28 
 1617   90801  0.056362720007  100.0  0.022  0.021  0.022  3.772  3.786  3.757   0.620   -0.972   0   0    7 
 1617   90801  0.058418585742  100.0  0.018  0.018  0.019  2.373  2.346  2.399   0.880   -1.186   0   0    8 
 1617   90801  0.056567382571  100.0  0.024  0.023  0.025  1.467  1.457  1.476   0.740   -3.844   0   0   10 
 1617   90801  0.053816637851  100.0  0.025  0.025  0.024  2.825  2.826  2.823   0.780   -1.089   0   0   11 
 1617   90801  0.047984593394  100.0  0.022  0.021  0.022  3.300  3.281  3.318   0.700   -1.018   0   0   13 
 1617   90801  0.060687609947  100.0  0.449  0.331  0.550  1896.473  308.587  2654.413  -1.000   -6.512   0   0   17 
 1617   90801  0.059634260797  100.0  0.019  0.020  0.019  0.346  0.340  0.352  -1.000  -24.113   1   0   19 
 1617   90801  0.062544927095  100.0  0.021  0.020  0.022  1.999  1.970  2.027   0.740   -1.367   0   0   15 
 1617   90801  0.057213645267  100.0  0.024  0.023  0.025  3.977  3.982  3.972   0.580   -0.951   0   0   23 
 1617   90801  0.057527039761  100.0  0.023  0.023  0.023  2.821  2.826  2.816   0.780   -1.101   0   0   24 
 1617   90801  0.045738674220  100.0  0.021  0.021  0.021  0.346  0.340  0.352  -1.000  -24.048   2   0   28 
 1617   90801  0.056362716611  100.0  0.028  0.027  0.029  2.939  2.950  2.927   0.780   -1.084   0   2    7 
 1617   90801  0.058418585048  100.0  0.025  0.024  0.026  1.849  1.828  1.869   0.680   -1.729   0   2    8 
 1617   90801  0.056567389963  100.0  0.034  0.034  0.032  1.143  1.135  1.152   0.760   -5.951   0   2   10 
 1617   90801  0.053816638374  100.0  0.031  0.031  0.032  2.202  2.204  2.200   0.880   -1.218   0   2   11 
 1617   90801  0.047984591792  100.0  0.030  0.029  0.031  2.572  2.557  2.586   0.900   -1.133   0   2   13 
 1617   90801  0.060352405736  100.0  0.447  0.329  0.547  10790.870  10956.794  10621.950  -1.000   -5.213   0   2   17 
 1617   90801  0.059634254057  100.0  0.024  0.024  0.024  0.006  0.007  0.006  -1.000  -28.344   0   2   19 
 1617   90801  0.062544925632  100.0  0.028  0.029  0.026  1.557  1.534  1.580   0.680   -3.229   0   2   15 
 1617   90801  0.057213643493  100.0  0.033  0.033  0.034  3.099  3.103  3.095   0.720   -1.068   0   2   23 
 1617   90801  0.057527050773  100.0  0.031  0.030  0.033  2.199  2.202  2.195   1.020   -1.241   0   2   24 
 1617   90801  0.045738671881  100.0  0.028  0.027  0.029  0.269  0.265  0.274  -1.000  -26.202   0   2   28 
 1617   90901  0.056953402528  100.0  0.028  0.018  0.036  0.179  0.217  0.128  -1.000  -29.344   0   0    7 
 1617   90901  0.058070870048  100.0  0.022  0.018  0.025  0.266  0.271  0.261  -1.000  -27.988   1   0    8 
 1617   90901  0.058104691458  100.0  0.028  0.023  0.033  4.644  4.624  4.664   0.500   -0.879   0   0   10 
 1617   90901  0.055662603233  100.0  0.024  0.023  0.025  5.660  5.651  5.668   0.400   -0.764   0   0   11 
 1617   90901  0.050726302098  100.0  0.027  0.021  0.032  6.578  6.559  6.597   1.600   -0.675   0   0   13 
 1617   90901  0.059761797198  100.0  0.021  0.017  0.025  2.980  2.964  2.996   0.780   -1.083   0   0   19 
 1617   90901  0.062008616975  100.0  0.023  0.017  0.027  0.266  0.271  0.261  -1.000  -27.697   2   0   15 
 1617   90901  0.059895900401  100.0  0.370  0.222  0.456  4215.242  2738.459  5268.526  -1.000   -5.009   0   0   23 
 1617   90901  0.059099389642  100.0  0.026  0.023  0.029  5.600  5.593  5.607   0.400   -0.772   0   0   24 
 1617   90901  0.046693172032  100.0  0.023  0.021  0.025  3.459  3.440  3.479   0.700   -1.021   0   0   28 
 1617   90901  0.056953399057  100.0  0.034  0.027  0.039  0.140  0.170  0.101  -1.000  -28.064   0   2    7 
 1617   90901  0.058070868820  100.0  0.027  0.026  0.028  0.006  0.006  0.006  -1.000  -29.064   0   2    8 
 1617   90901  0.058104700174  100.0  0.034  0.033  0.035  3.619  3.603  3.635   0.640   -1.000   0   2   10 
 1617   90901  0.055662605369  100.0  0.032  0.030  0.033  4.409  4.403  4.415   0.520   -0.918   0   2   11 
 1617   90901  0.050726302290  100.0  0.031  0.029  0.033  5.126  5.111  5.141   0.440   -0.815   0   2   13 
 1617   90901  0.059761790512  100.0  0.026  0.025  0.027  2.322  2.309  2.334   0.880   -1.215   0   2   19 
 1617   90901  0.062008614326  100.0  0.027  0.025  0.029  0.207  0.212  0.203  -1.000  -27.713   0   2   15 
 1617   90901  0.059846651092  100.0  0.373  0.226  0.459  7370.705  4719.452  9246.938  -1.000   -5.013   0   2   23 
 1617   90901  0.059099402460  100.0  0.035  0.033  0.037  4.363  4.358  4.368   0.520   -0.928   0   2   24 
 1617   90901  0.046693170035  100.0  0.030  0.029  0.031  2.696  2.680  2.711   0.820   -1.127   0   2   28 
 1617   91001  0.057957476449  100.0  0.043  0.057  0.023  1.034  0.994  1.072  -1.000   -6.659   0   0    7 
 1617   91001  0.058127812065  100.0  0.019  0.020  0.017  0.092  0.099  0.085  -1.000  -31.281   1   0    8 
 1617   91001  0.059726785313  100.0  0.026  0.028  0.024  4.935  4.935  4.936   0.460   -0.854   0   0   10 
 1617   91001  0.057491550891  100.0  0.024  0.025  0.024  5.637  5.647  5.627   0.400   -0.767   0   0   11 
 1617   91001  0.053547153430  100.0  0.024  0.026  0.021  6.770  6.775  6.765   0.340   -0.662   0   0   13 
 1617   91001  0.060127961790  100.0  0.020  0.021  0.019  3.236  3.234  3.239   0.720   -1.057   0   0   19 
 1617   91001  0.061860653399  100.0  0.018  0.019  0.018  0.092  0.099  0.085  -1.000  -31.277   2   0   15 
 1617   91001  0.047846150456  100.0  0.024  0.025  0.023  3.781  3.777  3.785   0.620   -0.995   0   0   28 
 1617   91001  0.057957471899  100.0  0.046  0.059  0.028  0.805  0.773  0.835   1.080   -8.663   0   2    7 
 1617   91001  0.058127811691  100.0  0.025  0.025  0.025  0.006  0.006  0.006  -1.000  -28.842   0   2    8 
 1617   91001  0.059726795151  100.0  0.034  0.035  0.033  3.846  3.845  3.847   0.600   -0.988   0   2   10 
 1617   91001  0.057491555217  100.0  0.032  0.033  0.031  4.394  4.402  4.387   0.520   -0.917   0   2   11 
 1617   91001  0.053547154947  100.0  0.031  0.032  0.031  5.275  5.279  5.271   0.420   -0.808   0   2   13 
 1617   91001  0.060127956087  100.0  0.026  0.027  0.026  2.521  2.520  2.523   0.920   -1.176   0   2   19 
 1617   91001  0.061860651242  100.0  0.026  0.026  0.026  0.072  0.078  0.066  -1.000  -28.446   0   2   15 
 1617   91001  0.047846148630  100.0  0.029  0.031  0.028  2.948  2.945  2.951   0.780   -1.094   0   2   28 
 1617   91101  0.059335456210  100.0  0.017  0.018  0.017  1.936  1.911  1.960   0.640   -1.501   0   0    7 
 1617   91101  0.058584867068  100.0  0.017  0.016  0.017  0.114  0.106  0.122  -1.000  -31.802   1   0    8 
 1617   91101  0.061402270361  100.0  0.023  0.022  0.024  4.708  4.725  4.691   0.480   -0.866   0   0   10 
 1617   91101  0.059283813170  100.0  0.022  0.022  0.023  5.147  5.172  5.121   0.440   -0.814   0   0   11 
 1617   91101  0.056393575313  100.0  0.021  0.021  0.020  6.338  6.363  6.313   0.360   -0.697   0   0   13 
 1617   91101  0.060719709724  100.0  0.016  0.016  0.016  3.108  3.119  3.096   0.720   -1.066   0   0   19 
 1617   91101  0.062102548349  100.0  0.017  0.018  0.016  0.114  0.106  0.122  -1.000  -31.486   2   0   15 
 1617   91101  0.069177547310  100.0  0.020  0.020  0.019  3.655  3.668  3.642   0.640   -1.009   0   0   28 
 1617   91101  0.059335453390  100.0  0.024  0.024  0.023  1.509  1.490  1.528   0.720   -3.546   0   2    7 
 1617   91101  0.058584866374  100.0  0.024  0.024  0.024  0.006  0.006  0.006  -1.000  -29.331   0   2    8 
 1617   91101  0.061402281373  100.0  0.031  0.032  0.031  3.669  3.682  3.657   0.620   -0.990   0   2   10 
 1617   91101  0.059283818799  100.0  0.032  0.033  0.032  4.010  4.031  3.990   0.580   -0.952   0   2   11 
 1617   91101  0.056393577748  100.0  0.031  0.031  0.031  4.938  4.958  4.918   0.460   -0.846   0   2   13 
 1617   91101  0.060719703326  100.0  0.025  0.024  0.025  2.422  2.431  2.412   0.880   -1.196   0   2   19 
 1617   91101  0.062102545593  100.0  0.025  0.024  0.025  0.089  0.082  0.095  -1.000  -28.892   0   2   15 
 1617   91101  0.069177545558  100.0  0.028  0.028  0.028  2.847  2.857  2.837   0.800   -1.108   0   2   28 
 1617   91201  0.071906353160  100.0  0.020  0.021  0.020  1.846  1.869  1.823   0.640   -1.758   0   0    5 
 1617   91201  0.061039238792  100.0  0.022  0.024  0.019  2.412  2.404  2.421   0.880   -1.214   0   0    7 
 1617   91201  0.059424548378  100.0  0.020  0.020  0.021  0.300  0.294  0.306  -1.000  -27.200   1   0    8 
 1617   91201  0.061022378700  100.0  0.130  0.035  0.178  4.618  4.009  5.153   0.580   -0.914   0   0   11 
 1617   91201  0.079218625471  100.0  0.025  0.026  0.023  5.449  5.487  5.410   0.420   -0.801   0   0   13 
 1617   91201  0.061520252130  100.0  0.018  0.020  0.017  2.653  2.674  2.632   0.920   -1.145   0   0   19 
 1617   91201  0.062722837807  100.0  0.020  0.019  0.021  0.300  0.294  0.306  -1.000  -27.031   2   0   15 
 1617   91201  0.070664326153  100.0  0.023  0.023  0.023  3.152  3.177  3.127   0.720   -1.073   0   0   28 
 1617   91201  0.071906354773  100.0  0.028  0.028  0.028  1.439  1.457  1.420   0.720   -4.064   0   2    5 
 1617   91201  0.061039235438  100.0  0.025  0.026  0.024  1.879  1.872  1.886   0.660   -1.670   0   2    7 
 1617   91201  0.059424547673  100.0  0.026  0.027  0.026  0.006  0.006  0.006  -1.000  -28.983   0   2    8 
 1617   91201  0.061022466521  100.0  0.132  0.040  0.180  4.972  3.757  5.942   0.620   -1.203   0   2   11 
 1617   91201  0.079218630876  100.0  0.032  0.032  0.031  4.246  4.276  4.216   0.560   -0.945   0   2   13 
 1617   91201  0.061520245764  100.0  0.026  0.027  0.025  2.066  2.083  2.050   0.720   -1.315   0   2   19 
 1617   91201  0.062722835051  100.0  0.027  0.027  0.027  0.235  0.229  0.240  -1.000  -27.466   0   2   15 
 1617   91201  0.070664326057  100.0  0.029  0.028  0.030  2.457  2.476  2.439   0.880   -1.195   0   2   28 
 1617   91301  0.072471949286  100.0  0.020  0.019  0.022  1.280  1.260  1.299   0.720   -5.106   0   0    5 
 1617   91301  0.083016327818  100.0  0.021  0.020  0.021  0.066  0.040  0.084  -1.000  -31.791   1   0    7 
 1617   91301  0.080618530145  100.0  0.018  0.017  0.019  2.469  2.473  2.465   0.880   -1.179   0   0    8 
 1617   91301  0.082015303593  100.0  0.366  0.208  0.453  3966.366  2300.270  5089.213  -1.000   -4.960   0   0   13 
 1617   91301  0.082510239343  100.0  0.023  0.022  0.023  0.473  0.451  0.494   1.040  -17.120   0   0   19 
 1617   91301  0.083698566579  100.0  0.018  0.017  0.018  2.900  2.901  2.900   0.800   -1.086   0   0   15 
 1617   91301  0.072282981821  100.0  0.024  0.021  0.027  0.066  0.040  0.084  -1.000  -31.103   2   0   28 
 1617   91301  0.072471950632  100.0  0.028  0.026  0.029  0.998  0.982  1.013  -1.000   -6.818   0   2    5 
 1617   91301  0.083016325297  100.0  0.026  0.026  0.026  0.006  0.006  0.006  -1.000  -29.199   0   2    7 
 1617   91301  0.080618529664  100.0  0.024  0.023  0.024  1.925  1.929  1.921   0.640   -1.525   0   2    8 
 1617   91301  0.081985835789  100.0  0.366  0.209  0.453  470.003  324.561  579.696  -1.000   -6.928   0   2   13 
 1617   91301  0.082510233671  100.0  0.026  0.025  0.027  0.369  0.353  0.385  -1.000  -22.175   0   2   19 
 1617   91301  0.083698564357  100.0  0.025  0.024  0.026  2.261  2.261  2.261   0.880   -1.221   0   2   15 
 1617   91301  0.072282982237  100.0  0.030  0.028  0.031  0.052  0.032  0.065  -1.000  -28.467   0   2   28 
 1617   91401  0.073211285858  100.0  0.018  0.017  0.019  0.752  0.756  0.748   1.120   -9.305   0   0    5 
 1617   91401  0.085211547891  100.0  0.018  0.018  0.018  0.932  0.919  0.944   0.880   -7.344   0   0    7 
 1617   91401  0.082129195100  100.0  0.016  0.016  0.016  1.288  1.313  1.262   0.720   -5.064   0   0    8 
 1617   91401  0.083667908085  100.0  0.016  0.015  0.016  0.318  0.322  0.315  -1.000  -25.795   1   0   19 
 1617   91401  0.084996558789  100.0  0.016  0.017  0.016  1.774  1.799  1.750   0.660   -2.027   0   0   15 
 1617   91401  0.074009282942  100.0  0.020  0.021  0.019  0.318  0.322  0.315  -1.000  -25.546   2   0   28 
 1617   91401  0.073211288005  100.0  0.027  0.027  0.026  0.586  0.590  0.583   1.100  -12.852   0   2    5 
 1617   91401  0.085211546118  100.0  0.025  0.024  0.025  0.726  0.716  0.736   1.120   -9.712   0   2    7 
 1617   91401  0.082129195282  100.0  0.024  0.025  0.024  1.004  1.023  0.983  -1.000   -6.778   0   2    8 
 1617   91401  0.083667902841  100.0  0.025  0.024  0.025  0.006  0.006  0.006  -1.000  -29.006   0   2   19 
 1617   91401  0.084996557785  100.0  0.025  0.024  0.025  1.383  1.403  1.363   0.740   -4.434   0   2   15 
 1617   91401  0.074009283583  100.0  0.028  0.027  0.028  0.249  0.252  0.247  -1.000  -27.019   0   2   28 
 1617   91501  0.074102210882  100.0  0.027  0.028  0.024  0.031  0.019  0.038  -1.000  -31.146   2   0    5 
 1617   91501  0.087572030609  100.0  0.026  0.029  0.022  1.803  1.820  1.786   0.660   -1.898   0   0    7 
 1617   91501  0.083913960406  100.0  0.025  0.027  0.022  0.030  0.019  0.038  -1.000  -31.496   1   0    8 
 1617   91501  0.084971170921  100.0  0.026  0.027  0.025  0.637  0.659  0.615   1.140  -11.543   0   0   19 
 1617   91501  0.086577209741  100.0  0.025  0.026  0.024  0.473  0.474  0.471   1.060  -17.401   0   0   15 
 1617   91501  0.075819166548  100.0  0.026  0.028  0.024  0.859  0.884  0.833   0.900   -8.015   0   0   28 
 1617   91501  0.074102213959  100.0  0.031  0.032  0.029  0.025  0.016  0.031  -1.000  -27.931   0   2    5 
 1617   91501  0.087572030321  100.0  0.031  0.033  0.029  1.405  1.418  1.393   0.740   -4.312   0   2    7 
 1617   91501  0.083913961282  100.0  0.028  0.029  0.026  0.006  0.006  0.007  -1.000  -28.924   0   2    8 
 1617   91501  0.084971166243  100.0  0.029  0.029  0.029  0.495  0.511  0.478   1.040  -16.052   0   2   19 
 1617   91501  0.086577208844  100.0  0.030  0.031  0.029  0.368  0.370  0.367  -1.000  -22.652   0   2   15 
 1617   91501  0.075819168503  100.0  0.032  0.032  0.031  0.668  0.687  0.649   1.140  -10.800   0   2   28 
 1617   91601  0.075120399829  100.0  0.327  0.454  0.141  0.531  0.536  0.526   0.940  -13.460   0   0    5 
 1617   91601  0.090047449949  100.0  0.022  0.025  0.018  1.232  1.232  1.232   0.740   -5.460   0   0    7 
 1617   91601  0.085927120537  100.0  0.021  0.020  0.021  0.116  0.130  0.099  -1.000  -30.221   2   0    8 
 1617   91601  0.086397631460  100.0  0.019  0.021  0.018  0.116  0.130  0.099  -1.000  -31.496   1   0   19 
 1617   91601  0.088396447612  100.0  0.023  0.024  0.022  0.523  0.541  0.504   1.080  -15.111   0   0   15 
 1617   91601  0.077689220300  100.0  0.021  0.022  0.021  0.135  0.139  0.132  -1.000  -29.899   0   0   28 
 1617   91601  0.075120401271  100.0  0.328  0.454  0.147  0.413  0.416  0.409   1.040  -18.291   0   2    5 
 1617   91601  0.090047449992  100.0  0.029  0.030  0.028  0.961  0.961  0.961  -1.000   -7.132   0   2    7 
 1617   91601  0.085927122107  100.0  0.027  0.026  0.027  0.091  0.102  0.078  -1.000  -28.551   0   2    8 
 1617   91601  0.086397626900  100.0  0.026  0.026  0.026  0.007  0.007  0.007  -1.000  -28.544   0   2   19 
 1617   91601  0.088396447719  100.0  0.027  0.028  0.026  0.407  0.421  0.393  -1.000  -20.084   0   2   15 
 1617   91601  0.077689224295  100.0  0.031  0.032  0.031  0.106  0.109  0.103  -1.000  -27.427   0   2   28 
 1617   91701  0.076240283877  100.0  0.031  0.031  0.031  0.395  0.400  0.390  -1.000  -20.745   0   0    5 
 1617   91701  0.092591434598  100.0  0.202  0.160  0.222  1.191  1.194  1.187   0.760   -5.937   0   0    7 
 1617   91701  0.088122362196  100.0  0.021  0.018  0.022  0.264  0.253  0.274  -1.000  -27.904   2   0    8 
 1617   91701  0.081588106282  100.0  0.019  0.019  0.017  3.061  3.088  3.032   0.780   -1.054   0   0   26 
 1617   91701  0.087925365773  100.0  0.020  0.019  0.021  0.264  0.253  0.274  -1.000  -27.937   1   0   19 
 1617   91701  0.090408316209  100.0  0.020  0.019  0.020  0.061  0.073  0.046  -1.000  -31.231   0   0   15 
 1617   91701  0.079597023125  100.0  0.024  0.024  0.023  0.067  0.070  0.064  -1.000  -29.539   0   0   28 
 1617   91701  0.076240285950  100.0  0.048  0.050  0.046  0.310  0.313  0.306  -1.000  -22.562   0   2    5 
 1617   91701  0.092591435612  100.0  0.202  0.160  0.221  0.927  0.930  0.924  -1.000   -7.632   0   2    7 
 1617   91701  0.088122364802  100.0  0.026  0.025  0.027  0.205  0.197  0.212  -1.000  -28.221   0   2    8 
 1617   91701  0.087925362099  100.0  0.028  0.028  0.028  0.007  0.007  0.007  -1.000  -28.473   0   2   19 
 1617   91701  0.090408317427  100.0  0.027  0.027  0.026  0.048  0.057  0.036  -1.000  -28.419   0   2   15 
 1617   91701  0.079597028348  100.0  0.030  0.030  0.030  0.051  0.053  0.049  -1.000  -26.699   0   2   28 
